<?xml version="1.0" encoding="UTF-8"?>
<robot generator="Robot 3.2.1 (Python 3.8.3 on win32)" generated="20200525 02:31:45.756" rpa="false">
<suite id="s1" name="Tests" source="C:\Users\vishal02jan\PycharmProjects\CentimeRobotFramework\tests">
<suite id="s1-s1" name="Acceptance Tests" source="C:\Users\vishal02jan\PycharmProjects\CentimeRobotFramework\tests\acceptance_tests.robot">
<kw name="Open Browser" library="SeleniumLibrary" type="setup">
<doc>Opens a new browser instance to the optional ``url``.</doc>
<arguments>
<arg>${ROOT}</arg>
<arg>${BROWSER}</arg>
</arguments>
<msg timestamp="20200525 02:31:46.101" level="INFO">Opening browser 'Chrome' to base url 'http://automationpractice.com/index.php'.</msg>
<status status="PASS" starttime="20200525 02:31:46.100" endtime="20200525 02:31:54.620"></status>
</kw>
<test id="s1-s1-t1" name="No email">
<kw name="Given the user is on AuthenticationPage" library="authentication_page_keywords">
<kw name="Go To Page" library="PageObjectLibrary">
<tags>
<tag>page-object</tag>
<tag>selenium</tag>
</tags>
<doc>Go to the url for the given page object.</doc>
<arguments>
<arg>AuthenticationPage</arg>
</arguments>
<msg timestamp="20200525 02:31:54.650" level="INFO">Opening url 'http://automationpractice.com?controller=authentication&amp;back=my-account'</msg>
<status status="PASS" starttime="20200525 02:31:54.622" endtime="20200525 02:31:56.520"></status>
</kw>
<status status="PASS" starttime="20200525 02:31:54.621" endtime="20200525 02:31:56.520"></status>
</kw>
<kw name="when user enters no email" library="authentication_page_keywords">
<kw name="Click Create Account Button" library="AuthenticationPage">
<arguments>
<arg>${false}</arg>
</arguments>
<msg timestamp="20200525 02:31:56.521" level="INFO">Clicking element 'id:SubmitCreate'.</msg>
<status status="PASS" starttime="20200525 02:31:56.521" endtime="20200525 02:31:56.610"></status>
</kw>
<status status="PASS" starttime="20200525 02:31:56.521" endtime="20200525 02:31:56.610"></status>
</kw>
<kw name="then error is shown that Invalid email address." library="authentication_page_keywords">
<kw name="Error Is Displayed On Signup Form" library="AuthenticationPage">
<arguments>
<arg>${error}</arg>
</arguments>
<msg timestamp="20200525 02:31:57.665" level="INFO">Element 'xpath://div[@id="create_account_error"]//li' contains text 'Invalid email address.'.</msg>
<status status="PASS" starttime="20200525 02:31:56.612" endtime="20200525 02:31:57.665"></status>
</kw>
<status status="PASS" starttime="20200525 02:31:56.612" endtime="20200525 02:31:57.665"></status>
</kw>
<tags>
<tag>acceptance test</tag>
<tag>gherkin</tag>
<tag>negative</tag>
</tags>
<status status="PASS" starttime="20200525 02:31:54.620" endtime="20200525 02:31:57.665" critical="yes"></status>
</test>
<test id="s1-s1-t2" name="Invalid email">
<kw name="Given the user is on AuthenticationPage" library="authentication_page_keywords">
<kw name="Go To Page" library="PageObjectLibrary">
<tags>
<tag>page-object</tag>
<tag>selenium</tag>
</tags>
<doc>Go to the url for the given page object.</doc>
<arguments>
<arg>AuthenticationPage</arg>
</arguments>
<msg timestamp="20200525 02:31:57.681" level="INFO">Opening url 'http://automationpractice.com?controller=authentication&amp;back=my-account'</msg>
<status status="PASS" starttime="20200525 02:31:57.681" endtime="20200525 02:31:59.375"></status>
</kw>
<status status="PASS" starttime="20200525 02:31:57.681" endtime="20200525 02:31:59.375"></status>
</kw>
<kw name="when user enters an invalid email" library="authentication_page_keywords">
<kw name="Enter Email" library="AuthenticationPage">
<arguments>
<arg>hello@world</arg>
</arguments>
<msg timestamp="20200525 02:31:59.427" level="INFO">Typing text 'hello@world' into text field 'id:email_create'.</msg>
<status status="PASS" starttime="20200525 02:31:59.377" endtime="20200525 02:31:59.564"></status>
</kw>
<kw name="Click Create Account Button" library="AuthenticationPage">
<arguments>
<arg>${false}</arg>
</arguments>
<msg timestamp="20200525 02:31:59.565" level="INFO">Clicking element 'id:SubmitCreate'.</msg>
<status status="PASS" starttime="20200525 02:31:59.565" endtime="20200525 02:31:59.646"></status>
</kw>
<status status="PASS" starttime="20200525 02:31:59.377" endtime="20200525 02:31:59.647"></status>
</kw>
<kw name="then error is shown that Invalid email address." library="authentication_page_keywords">
<kw name="Error Is Displayed On Signup Form" library="AuthenticationPage">
<arguments>
<arg>${error}</arg>
</arguments>
<msg timestamp="20200525 02:32:00.708" level="INFO">Element 'xpath://div[@id="create_account_error"]//li' contains text 'Invalid email address.'.</msg>
<status status="PASS" starttime="20200525 02:31:59.648" endtime="20200525 02:32:00.708"></status>
</kw>
<status status="PASS" starttime="20200525 02:31:59.648" endtime="20200525 02:32:00.708"></status>
</kw>
<tags>
<tag>acceptance test</tag>
<tag>gherkin</tag>
<tag>negative</tag>
</tags>
<status status="PASS" starttime="20200525 02:31:57.665" endtime="20200525 02:32:00.708" critical="yes"></status>
</test>
<test id="s1-s1-t3" name="valid and registered email">
<kw name="Given the user is on AuthenticationPage" library="authentication_page_keywords">
<kw name="Go To Page" library="PageObjectLibrary">
<tags>
<tag>page-object</tag>
<tag>selenium</tag>
</tags>
<doc>Go to the url for the given page object.</doc>
<arguments>
<arg>AuthenticationPage</arg>
</arguments>
<msg timestamp="20200525 02:32:00.724" level="INFO">Opening url 'http://automationpractice.com?controller=authentication&amp;back=my-account'</msg>
<status status="PASS" starttime="20200525 02:32:00.724" endtime="20200525 02:32:02.351"></status>
</kw>
<status status="PASS" starttime="20200525 02:32:00.724" endtime="20200525 02:32:02.351"></status>
</kw>
<kw name="when user enters a valid and registered email" library="authentication_page_keywords">
<kw name="Enter Email" library="AuthenticationPage">
<arguments>
<arg>test@user.com</arg>
</arguments>
<msg timestamp="20200525 02:32:02.407" level="INFO">Typing text 'test@user.com' into text field 'id:email_create'.</msg>
<status status="PASS" starttime="20200525 02:32:02.352" endtime="20200525 02:32:02.552"></status>
</kw>
<kw name="Click Create Account Button" library="AuthenticationPage">
<arguments>
<arg>${false}</arg>
</arguments>
<msg timestamp="20200525 02:32:02.553" level="INFO">Clicking element 'id:SubmitCreate'.</msg>
<status status="PASS" starttime="20200525 02:32:02.552" endtime="20200525 02:32:02.634"></status>
</kw>
<status status="PASS" starttime="20200525 02:32:02.352" endtime="20200525 02:32:02.635"></status>
</kw>
<kw name="then error is shown that An account using this email address has already been registered." library="authentication_page_keywords">
<kw name="Error Is Displayed On Signup Form" library="AuthenticationPage">
<arguments>
<arg>${error}</arg>
</arguments>
<msg timestamp="20200525 02:32:03.503" level="INFO">Element 'xpath://div[@id="create_account_error"]//li' contains text 'An account using this email address has already been registered.'.</msg>
<status status="PASS" starttime="20200525 02:32:02.638" endtime="20200525 02:32:03.503"></status>
</kw>
<status status="PASS" starttime="20200525 02:32:02.638" endtime="20200525 02:32:03.503"></status>
</kw>
<tags>
<tag>acceptance test</tag>
<tag>gherkin</tag>
<tag>negative</tag>
</tags>
<status status="PASS" starttime="20200525 02:32:00.708" endtime="20200525 02:32:03.503" critical="yes"></status>
</test>
<test id="s1-s1-t4" name="Valid and unregistered email with incorrect values on account creation page">
<kw name="Given the user is on AuthenticationPage" library="authentication_page_keywords">
<kw name="Go To Page" library="PageObjectLibrary">
<tags>
<tag>page-object</tag>
<tag>selenium</tag>
</tags>
<doc>Go to the url for the given page object.</doc>
<arguments>
<arg>AuthenticationPage</arg>
</arguments>
<msg timestamp="20200525 02:32:03.534" level="INFO">Opening url 'http://automationpractice.com?controller=authentication&amp;back=my-account'</msg>
<status status="PASS" starttime="20200525 02:32:03.519" endtime="20200525 02:32:05.030"></status>
</kw>
<status status="PASS" starttime="20200525 02:32:03.519" endtime="20200525 02:32:05.031"></status>
</kw>
<kw name="when user enters a valid and unregistered email" library="authentication_page_keywords">
<kw name="Enter Email" library="AuthenticationPage">
<arguments>
<arg>valid6@eaail.com</arg>
</arguments>
<msg timestamp="20200525 02:32:05.083" level="INFO">Typing text 'valid6@eaail.com' into text field 'id:email_create'.</msg>
<status status="PASS" starttime="20200525 02:32:05.033" endtime="20200525 02:32:05.240"></status>
</kw>
<kw name="Click Create Account Button" library="AuthenticationPage">
<msg timestamp="20200525 02:32:05.240" level="INFO">Clicking element 'id:SubmitCreate'.</msg>
<status status="PASS" starttime="20200525 02:32:05.240" endtime="20200525 02:32:06.830"></status>
</kw>
<status status="PASS" starttime="20200525 02:32:05.032" endtime="20200525 02:32:06.830"></status>
</kw>
<kw name="and user enter incorrect values in the account creation form" library="authentication_page_keywords">
<kw name="Enter Valid Values In Required Fields" library="AuthenticationPage">
<msg timestamp="20200525 02:32:06.890" level="INFO">Typing text 'Test' into text field 'id:customer_firstname'.</msg>
<msg timestamp="20200525 02:32:07.069" level="INFO">Typing text 'User' into text field 'id:customer_lastname'.</msg>
<msg timestamp="20200525 02:32:07.253" level="INFO">Typing text '12345' into text field 'id:passwd'.</msg>
<msg timestamp="20200525 02:32:07.533" level="INFO">Typing text 'Test' into text field 'id:firstname'.</msg>
<msg timestamp="20200525 02:32:07.703" level="INFO">Typing text 'User' into text field 'id:lastname'.</msg>
<msg timestamp="20200525 02:32:07.877" level="INFO">Typing text 'fake street' into text field 'id:address1'.</msg>
<msg timestamp="20200525 02:32:08.061" level="INFO">Typing text 'face city' into text field 'id:city'.</msg>
<msg timestamp="20200525 02:32:08.227" level="INFO">Selecting options from selection list 'id:id_state' by label Wisconsin.</msg>
<msg timestamp="20200525 02:32:08.419" level="INFO">Typing text '12345' into text field 'id:postcode'.</msg>
<msg timestamp="20200525 02:32:08.542" level="INFO">Selecting options from selection list 'id:id_country' by label United States.</msg>
<msg timestamp="20200525 02:32:08.641" level="INFO">Typing text '1234567890' into text field 'id:phone_mobile'.</msg>
<msg timestamp="20200525 02:32:08.850" level="INFO">Typing text 'test' into text field 'alias'.</msg>
<status status="PASS" starttime="20200525 02:32:06.831" endtime="20200525 02:32:08.954"></status>
</kw>
<kw name="Enter Personal Info First Name" library="AuthenticationPage">
<arguments>
<arg>12345</arg>
</arguments>
<msg timestamp="20200525 02:32:08.993" level="INFO">Typing text '12345' into text field 'id:customer_firstname'.</msg>
<status status="PASS" starttime="20200525 02:32:08.954" endtime="20200525 02:32:09.089"></status>
</kw>
<kw name="Click Register Account Button" library="AuthenticationPage">
<msg timestamp="20200525 02:32:09.089" level="INFO">Clicking element 'id:submitAccount'.</msg>
<status status="PASS" starttime="20200525 02:32:09.089" endtime="20200525 02:32:10.386"></status>
</kw>
<status status="PASS" starttime="20200525 02:32:06.831" endtime="20200525 02:32:10.386"></status>
</kw>
<kw name="then the error is shown shown" library="authentication_page_keywords">
<kw name="Error Is Displayed On Account Creation Form" library="AuthenticationPage">
<status status="PASS" starttime="20200525 02:32:10.388" endtime="20200525 02:32:10.406"></status>
</kw>
<status status="PASS" starttime="20200525 02:32:10.388" endtime="20200525 02:32:10.407"></status>
</kw>
<tags>
<tag>acceptance test</tag>
<tag>gherkin</tag>
<tag>negative</tag>
</tags>
<status status="PASS" starttime="20200525 02:32:03.519" endtime="20200525 02:32:10.408" critical="yes"></status>
</test>
<test id="s1-s1-t5" name="Valid and unregistered email">
<kw name="Given the user is on AuthenticationPage" library="authentication_page_keywords">
<kw name="Go To Page" library="PageObjectLibrary">
<tags>
<tag>page-object</tag>
<tag>selenium</tag>
</tags>
<doc>Go to the url for the given page object.</doc>
<arguments>
<arg>AuthenticationPage</arg>
</arguments>
<msg timestamp="20200525 02:32:10.426" level="INFO">Opening url 'http://automationpractice.com?controller=authentication&amp;back=my-account'</msg>
<status status="PASS" starttime="20200525 02:32:10.410" endtime="20200525 02:32:12.045"></status>
</kw>
<status status="PASS" starttime="20200525 02:32:10.410" endtime="20200525 02:32:12.045"></status>
</kw>
<kw name="when user enters a valid and unregistered email" library="authentication_page_keywords">
<kw name="Enter Email" library="AuthenticationPage">
<arguments>
<arg>valid6@eaail.com</arg>
</arguments>
<msg timestamp="20200525 02:32:12.099" level="INFO">Typing text 'valid6@eaail.com' into text field 'id:email_create'.</msg>
<status status="PASS" starttime="20200525 02:32:12.047" endtime="20200525 02:32:12.260"></status>
</kw>
<kw name="Click Create Account Button" library="AuthenticationPage">
<msg timestamp="20200525 02:32:12.261" level="INFO">Clicking element 'id:SubmitCreate'.</msg>
<status status="PASS" starttime="20200525 02:32:12.260" endtime="20200525 02:32:13.811"></status>
</kw>
<status status="PASS" starttime="20200525 02:32:12.046" endtime="20200525 02:32:13.811"></status>
</kw>
<kw name="and user enter correct values in the account creation form" library="authentication_page_keywords">
<kw name="Enter Valid Values In Required Fields" library="AuthenticationPage">
<msg timestamp="20200525 02:32:13.858" level="INFO">Typing text 'Test' into text field 'id:customer_firstname'.</msg>
<msg timestamp="20200525 02:32:14.066" level="INFO">Typing text 'User' into text field 'id:customer_lastname'.</msg>
<msg timestamp="20200525 02:32:14.225" level="INFO">Typing text '12345' into text field 'id:passwd'.</msg>
<msg timestamp="20200525 02:32:14.458" level="INFO">Typing text 'Test' into text field 'id:firstname'.</msg>
<msg timestamp="20200525 02:32:14.612" level="INFO">Typing text 'User' into text field 'id:lastname'.</msg>
<msg timestamp="20200525 02:32:14.762" level="INFO">Typing text 'fake street' into text field 'id:address1'.</msg>
<msg timestamp="20200525 02:32:14.960" level="INFO">Typing text 'face city' into text field 'id:city'.</msg>
<msg timestamp="20200525 02:32:15.123" level="INFO">Selecting options from selection list 'id:id_state' by label Wisconsin.</msg>
<msg timestamp="20200525 02:32:15.284" level="INFO">Typing text '12345' into text field 'id:postcode'.</msg>
<msg timestamp="20200525 02:32:15.393" level="INFO">Selecting options from selection list 'id:id_country' by label United States.</msg>
<msg timestamp="20200525 02:32:15.485" level="INFO">Typing text '1234567890' into text field 'id:phone_mobile'.</msg>
<msg timestamp="20200525 02:32:15.694" level="INFO">Typing text 'test' into text field 'alias'.</msg>
<status status="PASS" starttime="20200525 02:32:13.812" endtime="20200525 02:32:15.795"></status>
</kw>
<kw name="Click Register Account Button" library="AuthenticationPage">
<msg timestamp="20200525 02:32:15.796" level="INFO">Clicking element 'id:submitAccount'.</msg>
<status status="PASS" starttime="20200525 02:32:15.795" endtime="20200525 02:32:17.886"></status>
</kw>
<status status="PASS" starttime="20200525 02:32:13.812" endtime="20200525 02:32:17.887"></status>
</kw>
<kw name="then the account is successfully registered" library="authentication_page_keywords">
<kw name="The Current Page Should Be" library="PageObjectLibrary">
<doc>Fails if the name of the current page is not the given page name</doc>
<arguments>
<arg>MyAccountPage</arg>
</arguments>
<status status="PASS" starttime="20200525 02:32:17.888" endtime="20200525 02:32:17.899"></status>
</kw>
<status status="PASS" starttime="20200525 02:32:17.888" endtime="20200525 02:32:17.899"></status>
</kw>
<tags>
<tag>acceptance test</tag>
<tag>gherkin</tag>
<tag>happy path</tag>
<tag>positive</tag>
</tags>
<status status="PASS" starttime="20200525 02:32:10.409" endtime="20200525 02:32:17.900" critical="yes"></status>
</test>
<kw name="Close All Browsers" library="SeleniumLibrary" type="teardown">
<doc>Closes all open browsers and resets the browser cache.</doc>
<status status="PASS" starttime="20200525 02:32:17.906" endtime="20200525 02:32:20.142"></status>
</kw>
<status status="PASS" starttime="20200525 02:31:45.802" endtime="20200525 02:32:20.142"></status>
</suite>
<suite id="s1-s2" name="Signup Form Fields" source="C:\Users\vishal02jan\PycharmProjects\CentimeRobotFramework\tests\signup_form_fields.robot">
<kw name="Open Browser" library="SeleniumLibrary" type="setup">
<doc>Opens a new browser instance to the optional ``url``.</doc>
<arguments>
<arg>${ROOT}</arg>
<arg>${BROWSER}</arg>
</arguments>
<msg timestamp="20200525 02:32:20.204" level="INFO">Opening browser 'Chrome' to base url 'http://automationpractice.com/index.php'.</msg>
<status status="PASS" starttime="20200525 02:32:20.204" endtime="20200525 02:32:28.085"></status>
</kw>
<test id="s1-s2-t1" name="Empty email field should be rejected">
<kw name="Go To Page" library="PageObjectLibrary" type="setup">
<tags>
<tag>page-object</tag>
<tag>selenium</tag>
</tags>
<doc>Go to the url for the given page object.</doc>
<arguments>
<arg>AuthenticationPage</arg>
</arguments>
<msg timestamp="20200525 02:32:28.108" level="INFO">Opening url 'http://automationpractice.com?controller=authentication&amp;back=my-account'</msg>
<status status="PASS" starttime="20200525 02:32:28.087" endtime="20200525 02:32:29.774"></status>
</kw>
<kw name="Invalid email or previously registered email should be rejected on signup form">
<arguments>
<arg>Invalid email address.</arg>
</arguments>
<kw name="Enter Email" library="AuthenticationPage">
<arguments>
<arg>${email}</arg>
</arguments>
<msg timestamp="20200525 02:32:29.828" level="INFO">Typing text '' into text field 'id:email_create'.</msg>
<status status="PASS" starttime="20200525 02:32:29.776" endtime="20200525 02:32:29.902"></status>
</kw>
<kw name="Click Create Account Button" library="AuthenticationPage">
<arguments>
<arg>should_pass=${false}</arg>
</arguments>
<msg timestamp="20200525 02:32:29.903" level="INFO">Clicking element 'id:SubmitCreate'.</msg>
<status status="PASS" starttime="20200525 02:32:29.902" endtime="20200525 02:32:30.002"></status>
</kw>
<kw name="Error Is Displayed On Signup Form" library="AuthenticationPage">
<arguments>
<arg>${error}</arg>
</arguments>
<msg timestamp="20200525 02:32:30.673" level="INFO">Element 'xpath://div[@id="create_account_error"]//li' contains text 'Invalid email address.'.</msg>
<status status="PASS" starttime="20200525 02:32:30.002" endtime="20200525 02:32:30.673"></status>
</kw>
<status status="PASS" starttime="20200525 02:32:29.775" endtime="20200525 02:32:30.674"></status>
</kw>
<tags>
<tag>negative</tag>
</tags>
<status status="PASS" starttime="20200525 02:32:28.085" endtime="20200525 02:32:30.675" critical="yes"></status>
</test>
<test id="s1-s2-t2" name="Invalid email should be rejected">
<kw name="Go To Page" library="PageObjectLibrary" type="setup">
<tags>
<tag>page-object</tag>
<tag>selenium</tag>
</tags>
<doc>Go to the url for the given page object.</doc>
<arguments>
<arg>AuthenticationPage</arg>
</arguments>
<msg timestamp="20200525 02:32:30.689" level="INFO">Opening url 'http://automationpractice.com?controller=authentication&amp;back=my-account'</msg>
<status status="PASS" starttime="20200525 02:32:30.677" endtime="20200525 02:32:32.427"></status>
</kw>
<kw name="Invalid email or previously registered email should be rejected on signup form">
<arguments>
<arg>hello@world</arg>
<arg>Invalid email address.</arg>
</arguments>
<kw name="Enter Email" library="AuthenticationPage">
<arguments>
<arg>${email}</arg>
</arguments>
<msg timestamp="20200525 02:32:32.473" level="INFO">Typing text 'hello@world' into text field 'id:email_create'.</msg>
<status status="PASS" starttime="20200525 02:32:32.428" endtime="20200525 02:32:32.605"></status>
</kw>
<kw name="Click Create Account Button" library="AuthenticationPage">
<arguments>
<arg>should_pass=${false}</arg>
</arguments>
<msg timestamp="20200525 02:32:32.605" level="INFO">Clicking element 'id:SubmitCreate'.</msg>
<status status="PASS" starttime="20200525 02:32:32.605" endtime="20200525 02:32:32.681"></status>
</kw>
<kw name="Error Is Displayed On Signup Form" library="AuthenticationPage">
<arguments>
<arg>${error}</arg>
</arguments>
<msg timestamp="20200525 02:32:33.537" level="INFO">Element 'xpath://div[@id="create_account_error"]//li' contains text 'Invalid email address.'.</msg>
<status status="PASS" starttime="20200525 02:32:32.682" endtime="20200525 02:32:33.537"></status>
</kw>
<status status="PASS" starttime="20200525 02:32:32.427" endtime="20200525 02:32:33.538"></status>
</kw>
<tags>
<tag>negative</tag>
</tags>
<status status="PASS" starttime="20200525 02:32:30.676" endtime="20200525 02:32:33.538" critical="yes"></status>
</test>
<test id="s1-s2-t3" name="Local email field longer than 64 characters should be rejected">
<kw name="Go To Page" library="PageObjectLibrary" type="setup">
<tags>
<tag>page-object</tag>
<tag>selenium</tag>
</tags>
<doc>Go to the url for the given page object.</doc>
<arguments>
<arg>AuthenticationPage</arg>
</arguments>
<msg timestamp="20200525 02:32:33.552" level="INFO">Opening url 'http://automationpractice.com?controller=authentication&amp;back=my-account'</msg>
<status status="PASS" starttime="20200525 02:32:33.541" endtime="20200525 02:32:35.257"></status>
</kw>
<kw name="Invalid email or previously registered email should be rejected on signup form">
<arguments>
<arg>age1itxut2gm7dfdrvvjw70tpbye8lwlvby6zg7dt16374fu8b5rmlduxm50sg2qmr@fmail.com</arg>
<arg>Invalid email address.</arg>
</arguments>
<kw name="Enter Email" library="AuthenticationPage">
<arguments>
<arg>${email}</arg>
</arguments>
<msg timestamp="20200525 02:32:35.304" level="INFO">Typing text 'age1itxut2gm7dfdrvvjw70tpbye8lwlvby6zg7dt16374fu8b5rmlduxm50sg2qmr@fmail.com' into text field 'id:email_create'.</msg>
<status status="PASS" starttime="20200525 02:32:35.258" endtime="20200525 02:32:35.711"></status>
</kw>
<kw name="Click Create Account Button" library="AuthenticationPage">
<arguments>
<arg>should_pass=${false}</arg>
</arguments>
<msg timestamp="20200525 02:32:35.712" level="INFO">Clicking element 'id:SubmitCreate'.</msg>
<status status="PASS" starttime="20200525 02:32:35.712" endtime="20200525 02:32:35.787"></status>
</kw>
<kw name="Error Is Displayed On Signup Form" library="AuthenticationPage">
<arguments>
<arg>${error}</arg>
</arguments>
<msg timestamp="20200525 02:32:40.951" level="FAIL">Element 'xpath://div[@id="create_account_error"]//li' did not appear in 5 seconds.</msg>
<status status="FAIL" starttime="20200525 02:32:35.787" endtime="20200525 02:32:40.951"></status>
</kw>
<status status="FAIL" starttime="20200525 02:32:35.258" endtime="20200525 02:32:40.951"></status>
</kw>
<tags>
<tag>bug</tag>
<tag>expected failure</tag>
<tag>negative</tag>
</tags>
<status status="FAIL" starttime="20200525 02:32:33.540" endtime="20200525 02:32:40.951" critical="yes">Element 'xpath://div[@id="create_account_error"]//li' did not appear in 5 seconds.</status>
</test>
<test id="s1-s2-t4" name="Domain email field longer than 255 characters should be rejected">
<kw name="Go To Page" library="PageObjectLibrary" type="setup">
<tags>
<tag>page-object</tag>
<tag>selenium</tag>
</tags>
<doc>Go to the url for the given page object.</doc>
<arguments>
<arg>AuthenticationPage</arg>
</arguments>
<msg timestamp="20200525 02:32:40.967" level="INFO">Opening url 'http://automationpractice.com?controller=authentication&amp;back=my-account'</msg>
<status status="PASS" starttime="20200525 02:32:40.951" endtime="20200525 02:32:42.780"></status>
</kw>
<kw name="Invalid email or previously registered email should be rejected on signup form">
<arguments>
<arg>invalid1@r47cktocfox19vrdm5eemimoo8w8fo27j2sax6b9zfuvm5r7t86g1fkmouwj1sqowd2n9lkprb8c8gqdnzvn58lcwevd77pxlpjesybbzs8jtgiqxsu2arefq1hvueomnikn16erxprjksu6mqorv9pjb16t58l4dh0ua1gy2c5njbcamffqmx2dmk9hadfwk3av2aaidxn9zkoi68a1sou00sfbrr45ekos1q0p4v0dledcf0y5a8i7wku3.com</arg>
<arg>Invalid email address.</arg>
</arguments>
<kw name="Enter Email" library="AuthenticationPage">
<arguments>
<arg>${email}</arg>
</arguments>
<msg timestamp="20200525 02:32:42.830" level="INFO">Typing text 'invalid1@r47cktocfox19vrdm5eemimoo8w8fo27j2sax6b9zfuvm5r7t86g1fkmouwj1sqowd2n9lkprb8c8gqdnzvn58lcwevd77pxlpjesybbzs8jtgiqxsu2arefq1hvueomnikn16erxprjksu6mqorv9pjb16t58l4dh0ua1gy2c5njbcamffqmx2dmk9hadfwk3av2aaidxn9zkoi68a1sou00sfbrr45ekos1q0p4v0dledcf0y5a8i7wku3.com' into text field 'id:email_create'.</msg>
<status status="PASS" starttime="20200525 02:32:42.782" endtime="20200525 02:32:44.092"></status>
</kw>
<kw name="Click Create Account Button" library="AuthenticationPage">
<arguments>
<arg>should_pass=${false}</arg>
</arguments>
<msg timestamp="20200525 02:32:44.093" level="INFO">Clicking element 'id:SubmitCreate'.</msg>
<status status="PASS" starttime="20200525 02:32:44.093" endtime="20200525 02:32:44.199"></status>
</kw>
<kw name="Error Is Displayed On Signup Form" library="AuthenticationPage">
<arguments>
<arg>${error}</arg>
</arguments>
<msg timestamp="20200525 02:32:49.359" level="FAIL">Element 'xpath://div[@id="create_account_error"]//li' did not appear in 5 seconds.</msg>
<status status="FAIL" starttime="20200525 02:32:44.199" endtime="20200525 02:32:49.359"></status>
</kw>
<status status="FAIL" starttime="20200525 02:32:42.781" endtime="20200525 02:32:49.359"></status>
</kw>
<tags>
<tag>bug</tag>
<tag>expected failure</tag>
<tag>negative</tag>
</tags>
<status status="FAIL" starttime="20200525 02:32:40.951" endtime="20200525 02:32:49.359" critical="yes">Element 'xpath://div[@id="create_account_error"]//li' did not appear in 5 seconds.</status>
</test>
<test id="s1-s2-t5" name="Already registered email email should be rejected">
<kw name="Go To Page" library="PageObjectLibrary" type="setup">
<tags>
<tag>page-object</tag>
<tag>selenium</tag>
</tags>
<doc>Go to the url for the given page object.</doc>
<arguments>
<arg>AuthenticationPage</arg>
</arguments>
<msg timestamp="20200525 02:32:49.375" level="INFO">Opening url 'http://automationpractice.com?controller=authentication&amp;back=my-account'</msg>
<status status="PASS" starttime="20200525 02:32:49.359" endtime="20200525 02:32:50.876"></status>
</kw>
<kw name="Invalid email or previously registered email should be rejected on signup form">
<arguments>
<arg>test@user.com</arg>
<arg>An account using this email address has already been registered.</arg>
</arguments>
<kw name="Enter Email" library="AuthenticationPage">
<arguments>
<arg>${email}</arg>
</arguments>
<msg timestamp="20200525 02:32:50.966" level="INFO">Typing text 'test@user.com' into text field 'id:email_create'.</msg>
<status status="PASS" starttime="20200525 02:32:50.880" endtime="20200525 02:32:51.112"></status>
</kw>
<kw name="Click Create Account Button" library="AuthenticationPage">
<arguments>
<arg>should_pass=${false}</arg>
</arguments>
<msg timestamp="20200525 02:32:51.113" level="INFO">Clicking element 'id:SubmitCreate'.</msg>
<status status="PASS" starttime="20200525 02:32:51.113" endtime="20200525 02:32:51.191"></status>
</kw>
<kw name="Error Is Displayed On Signup Form" library="AuthenticationPage">
<arguments>
<arg>${error}</arg>
</arguments>
<msg timestamp="20200525 02:32:51.842" level="INFO">Element 'xpath://div[@id="create_account_error"]//li' contains text 'An account using this email address has already been registered.'.</msg>
<status status="PASS" starttime="20200525 02:32:51.192" endtime="20200525 02:32:51.842"></status>
</kw>
<status status="PASS" starttime="20200525 02:32:50.880" endtime="20200525 02:32:51.842"></status>
</kw>
<tags>
<tag>negative</tag>
</tags>
<status status="PASS" starttime="20200525 02:32:49.359" endtime="20200525 02:32:51.842" critical="yes"></status>
</test>
<kw name="Close All Browsers" library="SeleniumLibrary" type="teardown">
<doc>Closes all open browsers and resets the browser cache.</doc>
<status status="PASS" starttime="20200525 02:32:51.842" endtime="20200525 02:32:54.041"></status>
</kw>
<status status="FAIL" starttime="20200525 02:32:20.142" endtime="20200525 02:32:54.041"></status>
</suite>
<suite id="s1-s3" name="Test Creation Form Fields" source="C:\Users\vishal02jan\PycharmProjects\CentimeRobotFramework\tests\test_creation_form_fields.robot">
<kw name="Open Browser" library="SeleniumLibrary" type="setup">
<doc>Opens a new browser instance to the optional ``url``.</doc>
<arguments>
<arg>${ROOT}</arg>
<arg>${BROWSER}</arg>
</arguments>
<msg timestamp="20200525 02:32:54.353" level="INFO">Opening browser 'Chrome' to base url 'http://automationpractice.com/index.php'.</msg>
<status status="PASS" starttime="20200525 02:32:54.353" endtime="20200525 02:33:03.439"></status>
</kw>
<test id="s1-s3-t1" name="Empty firstname in personal info should be rejected">
<kw name="Go To Page" library="PageObjectLibrary" type="setup">
<tags>
<tag>page-object</tag>
<tag>selenium</tag>
</tags>
<doc>Go to the url for the given page object.</doc>
<arguments>
<arg>AuthenticationPage</arg>
</arguments>
<msg timestamp="20200525 02:33:03.458" level="INFO">Opening url 'http://automationpractice.com?controller=authentication&amp;back=my-account'</msg>
<status status="PASS" starttime="20200525 02:33:03.440" endtime="20200525 02:33:05.340"></status>
</kw>
<kw name="test field validation">
<arguments>
<arg>valid</arg>
<arg>valid2@testmail.com</arg>
<arg>12345</arg>
<arg>valid</arg>
<arg>valid</arg>
<arg>valid address</arg>
<arg>Test city</arg>
<arg>Iowa</arg>
<arg>12345</arg>
<arg>United States</arg>
<arg>1234567890</arg>
<arg>test</arg>
<arg>error</arg>
</arguments>
<kw name="Enter Email" library="AuthenticationPage">
<arguments>
<arg>${email}</arg>
</arguments>
<msg timestamp="20200525 02:33:05.399" level="INFO">Typing text 'valid2@testmail.com' into text field 'id:email_create'.</msg>
<status status="PASS" starttime="20200525 02:33:05.342" endtime="20200525 02:33:05.585"></status>
</kw>
<kw name="Click Create Account Button" library="AuthenticationPage">
<msg timestamp="20200525 02:33:05.585" level="INFO">Clicking element 'id:SubmitCreate'.</msg>
<status status="PASS" starttime="20200525 02:33:05.585" endtime="20200525 02:33:07.158"></status>
</kw>
<kw name="Enter Values In Required Fields" library="AuthenticationPage">
<arguments>
<arg>${customer_firstname}</arg>
<arg>${customer_lastname}</arg>
<arg>${email}</arg>
<arg>${password}</arg>
<arg>${firstname}</arg>
<arg>${lastname}</arg>
<arg>${address}</arg>
<arg>${city}</arg>
<arg>${state}</arg>
<arg>${zip}</arg>
<arg>${country}</arg>
<arg>${mobile}</arg>
<arg>${alias}</arg>
</arguments>
<msg timestamp="20200525 02:33:07.220" level="INFO">Typing text '' into text field 'id:customer_firstname'.</msg>
<msg timestamp="20200525 02:33:07.401" level="INFO">Typing text 'valid' into text field 'id:customer_lastname'.</msg>
<msg timestamp="20200525 02:33:07.723" level="INFO">Typing text '12345' into text field 'id:passwd'.</msg>
<msg timestamp="20200525 02:33:07.928" level="INFO">Typing text 'valid' into text field 'id:firstname'.</msg>
<msg timestamp="20200525 02:33:08.118" level="INFO">Typing text 'valid' into text field 'id:lastname'.</msg>
<msg timestamp="20200525 02:33:08.313" level="INFO">Typing text 'valid address' into text field 'id:address1'.</msg>
<msg timestamp="20200525 02:33:08.583" level="INFO">Typing text 'Test city' into text field 'id:city'.</msg>
<msg timestamp="20200525 02:33:08.733" level="INFO">Selecting options from selection list 'id:id_state' by label Iowa.</msg>
<msg timestamp="20200525 02:33:08.915" level="INFO">Typing text '12345' into text field 'id:postcode'.</msg>
<msg timestamp="20200525 02:33:09.043" level="INFO">Selecting options from selection list 'id:id_country' by label United States.</msg>
<msg timestamp="20200525 02:33:09.160" level="INFO">Typing text '1234567890' into text field 'id:phone_mobile'.</msg>
<msg timestamp="20200525 02:33:09.391" level="INFO">Typing text 'test' into text field 'alias'.</msg>
<status status="PASS" starttime="20200525 02:33:07.158" endtime="20200525 02:33:09.507"></status>
</kw>
<kw name="Click Register Account Button" library="AuthenticationPage">
<msg timestamp="20200525 02:33:09.508" level="INFO">Clicking element 'id:submitAccount'.</msg>
<status status="PASS" starttime="20200525 02:33:09.508" endtime="20200525 02:33:10.912"></status>
</kw>
<kw name="Run Keyword If" library="BuiltIn">
<doc>Runs the given keyword with the given arguments, if ``condition`` is true.</doc>
<arguments>
<arg>'${error}'!='${EMPTY}'</arg>
<arg>Error is displayed on account creation form</arg>
<arg>ELSE</arg>
<arg>the current page should be</arg>
<arg>MyAccountPage</arg>
</arguments>
<kw name="Error Is Displayed On Account Creation Form" library="AuthenticationPage">
<status status="PASS" starttime="20200525 02:33:10.912" endtime="20200525 02:33:10.928"></status>
</kw>
<status status="PASS" starttime="20200525 02:33:10.912" endtime="20200525 02:33:10.928"></status>
</kw>
<status status="PASS" starttime="20200525 02:33:05.342" endtime="20200525 02:33:10.929"></status>
</kw>
<tags>
<tag>negative</tag>
</tags>
<status status="PASS" starttime="20200525 02:33:03.439" endtime="20200525 02:33:10.932" critical="yes"></status>
</test>
<test id="s1-s3-t2" name="Invalid firstname (with numeric) in personal info should be rejected">
<kw name="Go To Page" library="PageObjectLibrary" type="setup">
<tags>
<tag>page-object</tag>
<tag>selenium</tag>
</tags>
<doc>Go to the url for the given page object.</doc>
<arguments>
<arg>AuthenticationPage</arg>
</arguments>
<msg timestamp="20200525 02:33:10.945" level="INFO">Opening url 'http://automationpractice.com?controller=authentication&amp;back=my-account'</msg>
<status status="PASS" starttime="20200525 02:33:10.934" endtime="20200525 02:33:12.445"></status>
</kw>
<kw name="test field validation">
<arguments>
<arg>valid123</arg>
<arg>valid</arg>
<arg>valid2@testmail.com</arg>
<arg>12345</arg>
<arg>valid</arg>
<arg>valid</arg>
<arg>valid address</arg>
<arg>Test city</arg>
<arg>Iowa</arg>
<arg>12345</arg>
<arg>United States</arg>
<arg>1234567890</arg>
<arg>test</arg>
<arg>error</arg>
</arguments>
<kw name="Enter Email" library="AuthenticationPage">
<arguments>
<arg>${email}</arg>
</arguments>
<msg timestamp="20200525 02:33:12.492" level="INFO">Typing text 'valid2@testmail.com' into text field 'id:email_create'.</msg>
<status status="PASS" starttime="20200525 02:33:12.446" endtime="20200525 02:33:12.652"></status>
</kw>
<kw name="Click Create Account Button" library="AuthenticationPage">
<msg timestamp="20200525 02:33:12.653" level="INFO">Clicking element 'id:SubmitCreate'.</msg>
<status status="PASS" starttime="20200525 02:33:12.653" endtime="20200525 02:33:14.417"></status>
</kw>
<kw name="Enter Values In Required Fields" library="AuthenticationPage">
<arguments>
<arg>${customer_firstname}</arg>
<arg>${customer_lastname}</arg>
<arg>${email}</arg>
<arg>${password}</arg>
<arg>${firstname}</arg>
<arg>${lastname}</arg>
<arg>${address}</arg>
<arg>${city}</arg>
<arg>${state}</arg>
<arg>${zip}</arg>
<arg>${country}</arg>
<arg>${mobile}</arg>
<arg>${alias}</arg>
</arguments>
<msg timestamp="20200525 02:33:14.464" level="INFO">Typing text 'valid123' into text field 'id:customer_firstname'.</msg>
<msg timestamp="20200525 02:33:14.648" level="INFO">Typing text 'valid' into text field 'id:customer_lastname'.</msg>
<msg timestamp="20200525 02:33:14.801" level="INFO">Typing text '12345' into text field 'id:passwd'.</msg>
<msg timestamp="20200525 02:33:15.059" level="INFO">Typing text 'valid' into text field 'id:firstname'.</msg>
<msg timestamp="20200525 02:33:15.251" level="INFO">Typing text 'valid' into text field 'id:lastname'.</msg>
<msg timestamp="20200525 02:33:15.408" level="INFO">Typing text 'valid address' into text field 'id:address1'.</msg>
<msg timestamp="20200525 02:33:15.619" level="INFO">Typing text 'Test city' into text field 'id:city'.</msg>
<msg timestamp="20200525 02:33:15.754" level="INFO">Selecting options from selection list 'id:id_state' by label Iowa.</msg>
<msg timestamp="20200525 02:33:15.883" level="INFO">Typing text '12345' into text field 'id:postcode'.</msg>
<msg timestamp="20200525 02:33:15.993" level="INFO">Selecting options from selection list 'id:id_country' by label United States.</msg>
<msg timestamp="20200525 02:33:16.087" level="INFO">Typing text '1234567890' into text field 'id:phone_mobile'.</msg>
<msg timestamp="20200525 02:33:16.286" level="INFO">Typing text 'test' into text field 'alias'.</msg>
<status status="PASS" starttime="20200525 02:33:14.417" endtime="20200525 02:33:16.382"></status>
</kw>
<kw name="Click Register Account Button" library="AuthenticationPage">
<msg timestamp="20200525 02:33:16.383" level="INFO">Clicking element 'id:submitAccount'.</msg>
<status status="PASS" starttime="20200525 02:33:16.382" endtime="20200525 02:33:18.074"></status>
</kw>
<kw name="Run Keyword If" library="BuiltIn">
<doc>Runs the given keyword with the given arguments, if ``condition`` is true.</doc>
<arguments>
<arg>'${error}'!='${EMPTY}'</arg>
<arg>Error is displayed on account creation form</arg>
<arg>ELSE</arg>
<arg>the current page should be</arg>
<arg>MyAccountPage</arg>
</arguments>
<kw name="Error Is Displayed On Account Creation Form" library="AuthenticationPage">
<status status="PASS" starttime="20200525 02:33:18.075" endtime="20200525 02:33:18.085"></status>
</kw>
<status status="PASS" starttime="20200525 02:33:18.075" endtime="20200525 02:33:18.085"></status>
</kw>
<status status="PASS" starttime="20200525 02:33:12.445" endtime="20200525 02:33:18.085"></status>
</kw>
<tags>
<tag>negative</tag>
</tags>
<status status="PASS" starttime="20200525 02:33:10.933" endtime="20200525 02:33:18.086" critical="yes"></status>
</test>
<test id="s1-s3-t3" name="Invalid firstname (with special chars) in personal info should be rejected">
<kw name="Go To Page" library="PageObjectLibrary" type="setup">
<tags>
<tag>page-object</tag>
<tag>selenium</tag>
</tags>
<doc>Go to the url for the given page object.</doc>
<arguments>
<arg>AuthenticationPage</arg>
</arguments>
<msg timestamp="20200525 02:33:18.102" level="INFO">Opening url 'http://automationpractice.com?controller=authentication&amp;back=my-account'</msg>
<status status="PASS" starttime="20200525 02:33:18.089" endtime="20200525 02:33:19.618"></status>
</kw>
<kw name="test field validation">
<arguments>
<arg>valid%</arg>
<arg>valid</arg>
<arg>valid2@testmail.com</arg>
<arg>12345</arg>
<arg>valid</arg>
<arg>valid</arg>
<arg>valid address</arg>
<arg>Test city</arg>
<arg>Iowa</arg>
<arg>12345</arg>
<arg>United States</arg>
<arg>1234567890</arg>
<arg>test</arg>
<arg>error</arg>
</arguments>
<kw name="Enter Email" library="AuthenticationPage">
<arguments>
<arg>${email}</arg>
</arguments>
<msg timestamp="20200525 02:33:19.668" level="INFO">Typing text 'valid2@testmail.com' into text field 'id:email_create'.</msg>
<status status="PASS" starttime="20200525 02:33:19.619" endtime="20200525 02:33:19.827"></status>
</kw>
<kw name="Click Create Account Button" library="AuthenticationPage">
<msg timestamp="20200525 02:33:19.828" level="INFO">Clicking element 'id:SubmitCreate'.</msg>
<status status="PASS" starttime="20200525 02:33:19.828" endtime="20200525 02:33:21.371"></status>
</kw>
<kw name="Enter Values In Required Fields" library="AuthenticationPage">
<arguments>
<arg>${customer_firstname}</arg>
<arg>${customer_lastname}</arg>
<arg>${email}</arg>
<arg>${password}</arg>
<arg>${firstname}</arg>
<arg>${lastname}</arg>
<arg>${address}</arg>
<arg>${city}</arg>
<arg>${state}</arg>
<arg>${zip}</arg>
<arg>${country}</arg>
<arg>${mobile}</arg>
<arg>${alias}</arg>
</arguments>
<msg timestamp="20200525 02:33:21.439" level="INFO">Typing text 'valid%' into text field 'id:customer_firstname'.</msg>
<msg timestamp="20200525 02:33:21.638" level="INFO">Typing text 'valid' into text field 'id:customer_lastname'.</msg>
<msg timestamp="20200525 02:33:21.798" level="INFO">Typing text '12345' into text field 'id:passwd'.</msg>
<msg timestamp="20200525 02:33:22.057" level="INFO">Typing text 'valid' into text field 'id:firstname'.</msg>
<msg timestamp="20200525 02:33:22.226" level="INFO">Typing text 'valid' into text field 'id:lastname'.</msg>
<msg timestamp="20200525 02:33:22.374" level="INFO">Typing text 'valid address' into text field 'id:address1'.</msg>
<msg timestamp="20200525 02:33:22.582" level="INFO">Typing text 'Test city' into text field 'id:city'.</msg>
<msg timestamp="20200525 02:33:22.719" level="INFO">Selecting options from selection list 'id:id_state' by label Iowa.</msg>
<msg timestamp="20200525 02:33:22.870" level="INFO">Typing text '12345' into text field 'id:postcode'.</msg>
<msg timestamp="20200525 02:33:22.981" level="INFO">Selecting options from selection list 'id:id_country' by label United States.</msg>
<msg timestamp="20200525 02:33:23.073" level="INFO">Typing text '1234567890' into text field 'id:phone_mobile'.</msg>
<msg timestamp="20200525 02:33:23.275" level="INFO">Typing text 'test' into text field 'alias'.</msg>
<status status="PASS" starttime="20200525 02:33:21.372" endtime="20200525 02:33:23.372"></status>
</kw>
<kw name="Click Register Account Button" library="AuthenticationPage">
<msg timestamp="20200525 02:33:23.373" level="INFO">Clicking element 'id:submitAccount'.</msg>
<status status="PASS" starttime="20200525 02:33:23.373" endtime="20200525 02:33:25.150"></status>
</kw>
<kw name="Run Keyword If" library="BuiltIn">
<doc>Runs the given keyword with the given arguments, if ``condition`` is true.</doc>
<arguments>
<arg>'${error}'!='${EMPTY}'</arg>
<arg>Error is displayed on account creation form</arg>
<arg>ELSE</arg>
<arg>the current page should be</arg>
<arg>MyAccountPage</arg>
</arguments>
<kw name="Error Is Displayed On Account Creation Form" library="AuthenticationPage">
<status status="PASS" starttime="20200525 02:33:25.151" endtime="20200525 02:33:25.167"></status>
</kw>
<status status="PASS" starttime="20200525 02:33:25.150" endtime="20200525 02:33:25.167"></status>
</kw>
<status status="PASS" starttime="20200525 02:33:19.618" endtime="20200525 02:33:25.167"></status>
</kw>
<tags>
<tag>negative</tag>
</tags>
<status status="PASS" starttime="20200525 02:33:18.088" endtime="20200525 02:33:25.168" critical="yes"></status>
</test>
<test id="s1-s3-t4" name="Empty lastname in personal info should be rejected">
<kw name="Go To Page" library="PageObjectLibrary" type="setup">
<tags>
<tag>page-object</tag>
<tag>selenium</tag>
</tags>
<doc>Go to the url for the given page object.</doc>
<arguments>
<arg>AuthenticationPage</arg>
</arguments>
<msg timestamp="20200525 02:33:25.194" level="INFO">Opening url 'http://automationpractice.com?controller=authentication&amp;back=my-account'</msg>
<status status="PASS" starttime="20200525 02:33:25.177" endtime="20200525 02:33:26.833"></status>
</kw>
<kw name="test field validation">
<arguments>
<arg>valid</arg>
<arg>valid2@testmail.com</arg>
<arg>12345</arg>
<arg>valid</arg>
<arg>valid</arg>
<arg>valid address</arg>
<arg>Test city</arg>
<arg>Iowa</arg>
<arg>12345</arg>
<arg>United States</arg>
<arg>1234567890</arg>
<arg>test</arg>
<arg>error</arg>
</arguments>
<kw name="Enter Email" library="AuthenticationPage">
<arguments>
<arg>${email}</arg>
</arguments>
<msg timestamp="20200525 02:33:26.879" level="INFO">Typing text 'valid2@testmail.com' into text field 'id:email_create'.</msg>
<status status="PASS" starttime="20200525 02:33:26.835" endtime="20200525 02:33:27.049"></status>
</kw>
<kw name="Click Create Account Button" library="AuthenticationPage">
<msg timestamp="20200525 02:33:27.049" level="INFO">Clicking element 'id:SubmitCreate'.</msg>
<status status="PASS" starttime="20200525 02:33:27.049" endtime="20200525 02:33:28.608"></status>
</kw>
<kw name="Enter Values In Required Fields" library="AuthenticationPage">
<arguments>
<arg>${customer_firstname}</arg>
<arg>${customer_lastname}</arg>
<arg>${email}</arg>
<arg>${password}</arg>
<arg>${firstname}</arg>
<arg>${lastname}</arg>
<arg>${address}</arg>
<arg>${city}</arg>
<arg>${state}</arg>
<arg>${zip}</arg>
<arg>${country}</arg>
<arg>${mobile}</arg>
<arg>${alias}</arg>
</arguments>
<msg timestamp="20200525 02:33:28.714" level="INFO">Typing text 'valid' into text field 'id:customer_firstname'.</msg>
<msg timestamp="20200525 02:33:28.886" level="INFO">Typing text '' into text field 'id:customer_lastname'.</msg>
<msg timestamp="20200525 02:33:29.017" level="INFO">Typing text '12345' into text field 'id:passwd'.</msg>
<msg timestamp="20200525 02:33:29.261" level="INFO">Typing text 'valid' into text field 'id:firstname'.</msg>
<msg timestamp="20200525 02:33:29.410" level="INFO">Typing text 'valid' into text field 'id:lastname'.</msg>
<msg timestamp="20200525 02:33:29.555" level="INFO">Typing text 'valid address' into text field 'id:address1'.</msg>
<msg timestamp="20200525 02:33:29.751" level="INFO">Typing text 'Test city' into text field 'id:city'.</msg>
<msg timestamp="20200525 02:33:29.890" level="INFO">Selecting options from selection list 'id:id_state' by label Iowa.</msg>
<msg timestamp="20200525 02:33:30.033" level="INFO">Typing text '12345' into text field 'id:postcode'.</msg>
<msg timestamp="20200525 02:33:30.146" level="INFO">Selecting options from selection list 'id:id_country' by label United States.</msg>
<msg timestamp="20200525 02:33:30.242" level="INFO">Typing text '1234567890' into text field 'id:phone_mobile'.</msg>
<msg timestamp="20200525 02:33:30.461" level="INFO">Typing text 'test' into text field 'alias'.</msg>
<status status="PASS" starttime="20200525 02:33:28.608" endtime="20200525 02:33:30.558"></status>
</kw>
<kw name="Click Register Account Button" library="AuthenticationPage">
<msg timestamp="20200525 02:33:30.559" level="INFO">Clicking element 'id:submitAccount'.</msg>
<status status="PASS" starttime="20200525 02:33:30.559" endtime="20200525 02:33:31.992"></status>
</kw>
<kw name="Run Keyword If" library="BuiltIn">
<doc>Runs the given keyword with the given arguments, if ``condition`` is true.</doc>
<arguments>
<arg>'${error}'!='${EMPTY}'</arg>
<arg>Error is displayed on account creation form</arg>
<arg>ELSE</arg>
<arg>the current page should be</arg>
<arg>MyAccountPage</arg>
</arguments>
<kw name="Error Is Displayed On Account Creation Form" library="AuthenticationPage">
<status status="PASS" starttime="20200525 02:33:31.993" endtime="20200525 02:33:32.002"></status>
</kw>
<status status="PASS" starttime="20200525 02:33:31.993" endtime="20200525 02:33:32.002"></status>
</kw>
<status status="PASS" starttime="20200525 02:33:26.834" endtime="20200525 02:33:32.002"></status>
</kw>
<tags>
<tag>negative</tag>
</tags>
<status status="PASS" starttime="20200525 02:33:25.175" endtime="20200525 02:33:32.005" critical="yes"></status>
</test>
<test id="s1-s3-t5" name="Invalid lastname (with numeric) in personal info should be rejected">
<kw name="Go To Page" library="PageObjectLibrary" type="setup">
<tags>
<tag>page-object</tag>
<tag>selenium</tag>
</tags>
<doc>Go to the url for the given page object.</doc>
<arguments>
<arg>AuthenticationPage</arg>
</arguments>
<msg timestamp="20200525 02:33:32.023" level="INFO">Opening url 'http://automationpractice.com?controller=authentication&amp;back=my-account'</msg>
<status status="PASS" starttime="20200525 02:33:32.007" endtime="20200525 02:33:33.526"></status>
</kw>
<kw name="test field validation">
<arguments>
<arg>valid</arg>
<arg>valid123</arg>
<arg>valid2@testmail.com</arg>
<arg>12345</arg>
<arg>valid</arg>
<arg>valid</arg>
<arg>valid address</arg>
<arg>Test city</arg>
<arg>Iowa</arg>
<arg>12345</arg>
<arg>United States</arg>
<arg>1234567890</arg>
<arg>test</arg>
<arg>error</arg>
</arguments>
<kw name="Enter Email" library="AuthenticationPage">
<arguments>
<arg>${email}</arg>
</arguments>
<msg timestamp="20200525 02:33:33.578" level="INFO">Typing text 'valid2@testmail.com' into text field 'id:email_create'.</msg>
<status status="PASS" starttime="20200525 02:33:33.528" endtime="20200525 02:33:33.755"></status>
</kw>
<kw name="Click Create Account Button" library="AuthenticationPage">
<msg timestamp="20200525 02:33:33.755" level="INFO">Clicking element 'id:SubmitCreate'.</msg>
<status status="PASS" starttime="20200525 02:33:33.755" endtime="20200525 02:33:35.310"></status>
</kw>
<kw name="Enter Values In Required Fields" library="AuthenticationPage">
<arguments>
<arg>${customer_firstname}</arg>
<arg>${customer_lastname}</arg>
<arg>${email}</arg>
<arg>${password}</arg>
<arg>${firstname}</arg>
<arg>${lastname}</arg>
<arg>${address}</arg>
<arg>${city}</arg>
<arg>${state}</arg>
<arg>${zip}</arg>
<arg>${country}</arg>
<arg>${mobile}</arg>
<arg>${alias}</arg>
</arguments>
<msg timestamp="20200525 02:33:35.416" level="INFO">Typing text 'valid' into text field 'id:customer_firstname'.</msg>
<msg timestamp="20200525 02:33:35.573" level="INFO">Typing text 'valid123' into text field 'id:customer_lastname'.</msg>
<msg timestamp="20200525 02:33:35.756" level="INFO">Typing text '12345' into text field 'id:passwd'.</msg>
<msg timestamp="20200525 02:33:35.991" level="INFO">Typing text 'valid' into text field 'id:firstname'.</msg>
<msg timestamp="20200525 02:33:36.153" level="INFO">Typing text 'valid' into text field 'id:lastname'.</msg>
<msg timestamp="20200525 02:33:36.309" level="INFO">Typing text 'valid address' into text field 'id:address1'.</msg>
<msg timestamp="20200525 02:33:36.516" level="INFO">Typing text 'Test city' into text field 'id:city'.</msg>
<msg timestamp="20200525 02:33:36.649" level="INFO">Selecting options from selection list 'id:id_state' by label Iowa.</msg>
<msg timestamp="20200525 02:33:36.778" level="INFO">Typing text '12345' into text field 'id:postcode'.</msg>
<msg timestamp="20200525 02:33:36.891" level="INFO">Selecting options from selection list 'id:id_country' by label United States.</msg>
<msg timestamp="20200525 02:33:36.983" level="INFO">Typing text '1234567890' into text field 'id:phone_mobile'.</msg>
<msg timestamp="20200525 02:33:37.172" level="INFO">Typing text 'test' into text field 'alias'.</msg>
<status status="PASS" starttime="20200525 02:33:35.311" endtime="20200525 02:33:37.263"></status>
</kw>
<kw name="Click Register Account Button" library="AuthenticationPage">
<msg timestamp="20200525 02:33:37.263" level="INFO">Clicking element 'id:submitAccount'.</msg>
<status status="PASS" starttime="20200525 02:33:37.263" endtime="20200525 02:33:38.728"></status>
</kw>
<kw name="Run Keyword If" library="BuiltIn">
<doc>Runs the given keyword with the given arguments, if ``condition`` is true.</doc>
<arguments>
<arg>'${error}'!='${EMPTY}'</arg>
<arg>Error is displayed on account creation form</arg>
<arg>ELSE</arg>
<arg>the current page should be</arg>
<arg>MyAccountPage</arg>
</arguments>
<kw name="Error Is Displayed On Account Creation Form" library="AuthenticationPage">
<status status="PASS" starttime="20200525 02:33:38.730" endtime="20200525 02:33:38.739"></status>
</kw>
<status status="PASS" starttime="20200525 02:33:38.729" endtime="20200525 02:33:38.739"></status>
</kw>
<status status="PASS" starttime="20200525 02:33:33.527" endtime="20200525 02:33:38.739"></status>
</kw>
<tags>
<tag>negative</tag>
</tags>
<status status="PASS" starttime="20200525 02:33:32.006" endtime="20200525 02:33:38.740" critical="yes"></status>
</test>
<test id="s1-s3-t6" name="Invalid lastname (with special chars) in personal info should be rejected">
<kw name="Go To Page" library="PageObjectLibrary" type="setup">
<tags>
<tag>page-object</tag>
<tag>selenium</tag>
</tags>
<doc>Go to the url for the given page object.</doc>
<arguments>
<arg>AuthenticationPage</arg>
</arguments>
<msg timestamp="20200525 02:33:38.755" level="INFO">Opening url 'http://automationpractice.com?controller=authentication&amp;back=my-account'</msg>
<status status="PASS" starttime="20200525 02:33:38.742" endtime="20200525 02:33:40.250"></status>
</kw>
<kw name="test field validation">
<arguments>
<arg>valid</arg>
<arg>valid#</arg>
<arg>valid2@testmail.com</arg>
<arg>12345</arg>
<arg>valid</arg>
<arg>valid</arg>
<arg>valid address</arg>
<arg>Test city</arg>
<arg>Iowa</arg>
<arg>12345</arg>
<arg>United States</arg>
<arg>1234567890</arg>
<arg>test</arg>
<arg>error</arg>
</arguments>
<kw name="Enter Email" library="AuthenticationPage">
<arguments>
<arg>${email}</arg>
</arguments>
<msg timestamp="20200525 02:33:40.294" level="INFO">Typing text 'valid2@testmail.com' into text field 'id:email_create'.</msg>
<status status="PASS" starttime="20200525 02:33:40.253" endtime="20200525 02:33:40.468"></status>
</kw>
<kw name="Click Create Account Button" library="AuthenticationPage">
<msg timestamp="20200525 02:33:40.469" level="INFO">Clicking element 'id:SubmitCreate'.</msg>
<status status="PASS" starttime="20200525 02:33:40.468" endtime="20200525 02:33:42.051"></status>
</kw>
<kw name="Enter Values In Required Fields" library="AuthenticationPage">
<arguments>
<arg>${customer_firstname}</arg>
<arg>${customer_lastname}</arg>
<arg>${email}</arg>
<arg>${password}</arg>
<arg>${firstname}</arg>
<arg>${lastname}</arg>
<arg>${address}</arg>
<arg>${city}</arg>
<arg>${state}</arg>
<arg>${zip}</arg>
<arg>${country}</arg>
<arg>${mobile}</arg>
<arg>${alias}</arg>
</arguments>
<msg timestamp="20200525 02:33:42.102" level="INFO">Typing text 'valid' into text field 'id:customer_firstname'.</msg>
<msg timestamp="20200525 02:33:42.336" level="INFO">Typing text 'valid#' into text field 'id:customer_lastname'.</msg>
<msg timestamp="20200525 02:33:42.596" level="INFO">Typing text '12345' into text field 'id:passwd'.</msg>
<msg timestamp="20200525 02:33:42.770" level="INFO">Typing text 'valid' into text field 'id:firstname'.</msg>
<msg timestamp="20200525 02:33:42.939" level="INFO">Typing text 'valid' into text field 'id:lastname'.</msg>
<msg timestamp="20200525 02:33:43.095" level="INFO">Typing text 'valid address' into text field 'id:address1'.</msg>
<msg timestamp="20200525 02:33:43.297" level="INFO">Typing text 'Test city' into text field 'id:city'.</msg>
<msg timestamp="20200525 02:33:43.429" level="INFO">Selecting options from selection list 'id:id_state' by label Iowa.</msg>
<msg timestamp="20200525 02:33:43.567" level="INFO">Typing text '12345' into text field 'id:postcode'.</msg>
<msg timestamp="20200525 02:33:43.680" level="INFO">Selecting options from selection list 'id:id_country' by label United States.</msg>
<msg timestamp="20200525 02:33:43.771" level="INFO">Typing text '1234567890' into text field 'id:phone_mobile'.</msg>
<msg timestamp="20200525 02:33:43.983" level="INFO">Typing text 'test' into text field 'alias'.</msg>
<status status="PASS" starttime="20200525 02:33:42.051" endtime="20200525 02:33:44.084"></status>
</kw>
<kw name="Click Register Account Button" library="AuthenticationPage">
<msg timestamp="20200525 02:33:44.084" level="INFO">Clicking element 'id:submitAccount'.</msg>
<status status="PASS" starttime="20200525 02:33:44.084" endtime="20200525 02:33:45.738"></status>
</kw>
<kw name="Run Keyword If" library="BuiltIn">
<doc>Runs the given keyword with the given arguments, if ``condition`` is true.</doc>
<arguments>
<arg>'${error}'!='${EMPTY}'</arg>
<arg>Error is displayed on account creation form</arg>
<arg>ELSE</arg>
<arg>the current page should be</arg>
<arg>MyAccountPage</arg>
</arguments>
<kw name="Error Is Displayed On Account Creation Form" library="AuthenticationPage">
<status status="PASS" starttime="20200525 02:33:45.739" endtime="20200525 02:33:45.748"></status>
</kw>
<status status="PASS" starttime="20200525 02:33:45.738" endtime="20200525 02:33:45.748"></status>
</kw>
<status status="PASS" starttime="20200525 02:33:40.252" endtime="20200525 02:33:45.748"></status>
</kw>
<tags>
<tag>negative</tag>
</tags>
<status status="PASS" starttime="20200525 02:33:38.741" endtime="20200525 02:33:45.749" critical="yes"></status>
</test>
<test id="s1-s3-t7" name="Invalid email should be rejected">
<kw name="Go To Page" library="PageObjectLibrary" type="setup">
<tags>
<tag>page-object</tag>
<tag>selenium</tag>
</tags>
<doc>Go to the url for the given page object.</doc>
<arguments>
<arg>AuthenticationPage</arg>
</arguments>
<msg timestamp="20200525 02:33:45.762" level="INFO">Opening url 'http://automationpractice.com?controller=authentication&amp;back=my-account'</msg>
<status status="PASS" starttime="20200525 02:33:45.752" endtime="20200525 02:33:47.237"></status>
</kw>
<kw name="test field validation">
<arguments>
<arg>valid</arg>
<arg>valid</arg>
<arg>valid@testmail</arg>
<arg>12345</arg>
<arg>valid</arg>
<arg>valid</arg>
<arg>valid address</arg>
<arg>Test city</arg>
<arg>Iowa</arg>
<arg>12345</arg>
<arg>United States</arg>
<arg>1234567890</arg>
<arg>test</arg>
<arg>error</arg>
</arguments>
<kw name="Enter Email" library="AuthenticationPage">
<arguments>
<arg>${email}</arg>
</arguments>
<msg timestamp="20200525 02:33:47.280" level="INFO">Typing text 'valid@testmail' into text field 'id:email_create'.</msg>
<status status="PASS" starttime="20200525 02:33:47.239" endtime="20200525 02:33:47.411"></status>
</kw>
<kw name="Click Create Account Button" library="AuthenticationPage">
<msg timestamp="20200525 02:33:47.411" level="INFO">Clicking element 'id:SubmitCreate'.</msg>
<msg timestamp="20200525 02:33:52.685" level="FAIL">Element 'account-creation_form' did not appear in 5 seconds.</msg>
<status status="FAIL" starttime="20200525 02:33:47.411" endtime="20200525 02:33:52.686"></status>
</kw>
<status status="FAIL" starttime="20200525 02:33:47.238" endtime="20200525 02:33:52.686"></status>
</kw>
<tags>
<tag>expected failure</tag>
<tag>fix_test</tag>
<tag>negative</tag>
</tags>
<status status="FAIL" starttime="20200525 02:33:45.750" endtime="20200525 02:33:52.687" critical="yes">Element 'account-creation_form' did not appear in 5 seconds.</status>
</test>
<test id="s1-s3-t8" name="Email with local part longer than 64 characters should be rejected">
<kw name="Go To Page" library="PageObjectLibrary" type="setup">
<tags>
<tag>page-object</tag>
<tag>selenium</tag>
</tags>
<doc>Go to the url for the given page object.</doc>
<arguments>
<arg>AuthenticationPage</arg>
</arguments>
<msg timestamp="20200525 02:33:52.701" level="INFO">Opening url 'http://automationpractice.com?controller=authentication&amp;back=my-account'</msg>
<status status="PASS" starttime="20200525 02:33:52.689" endtime="20200525 02:33:54.407"></status>
</kw>
<kw name="test field validation">
<arguments>
<arg>valid</arg>
<arg>valid</arg>
<arg>ge1itxut2gm7dfdrvvjw70tpbye8lwlvby6zg7dt16374fu8b5ralduxm50sg2qmr@email.com</arg>
<arg>12345</arg>
<arg>valid</arg>
<arg>valid</arg>
<arg>valid address</arg>
<arg>Test city</arg>
<arg>Iowa</arg>
<arg>12345</arg>
<arg>United States</arg>
<arg>1234567890</arg>
<arg>test</arg>
<arg>error</arg>
</arguments>
<kw name="Enter Email" library="AuthenticationPage">
<arguments>
<arg>${email}</arg>
</arguments>
<msg timestamp="20200525 02:33:54.458" level="INFO">Typing text 'ge1itxut2gm7dfdrvvjw70tpbye8lwlvby6zg7dt16374fu8b5ralduxm50sg2qmr@email.com' into text field 'id:email_create'.</msg>
<status status="PASS" starttime="20200525 02:33:54.408" endtime="20200525 02:33:54.888"></status>
</kw>
<kw name="Click Create Account Button" library="AuthenticationPage">
<msg timestamp="20200525 02:33:54.889" level="INFO">Clicking element 'id:SubmitCreate'.</msg>
<msg timestamp="20200525 02:33:59.997" level="FAIL">Element 'account-creation_form' did not appear in 5 seconds.</msg>
<status status="FAIL" starttime="20200525 02:33:54.888" endtime="20200525 02:33:59.997"></status>
</kw>
<status status="FAIL" starttime="20200525 02:33:54.407" endtime="20200525 02:33:59.998"></status>
</kw>
<tags>
<tag>bug</tag>
<tag>expected failure</tag>
<tag>negative</tag>
</tags>
<status status="FAIL" starttime="20200525 02:33:52.688" endtime="20200525 02:33:59.998" critical="yes">Element 'account-creation_form' did not appear in 5 seconds.</status>
</test>
<test id="s1-s3-t9" name="Email with domain part longer than 255 characters should be rejected">
<kw name="Go To Page" library="PageObjectLibrary" type="setup">
<tags>
<tag>page-object</tag>
<tag>selenium</tag>
</tags>
<doc>Go to the url for the given page object.</doc>
<arguments>
<arg>AuthenticationPage</arg>
</arguments>
<msg timestamp="20200525 02:34:00.020" level="INFO">Opening url 'http://automationpractice.com?controller=authentication&amp;back=my-account'</msg>
<status status="PASS" starttime="20200525 02:34:00.001" endtime="20200525 02:34:01.739"></status>
</kw>
<kw name="test field validation">
<arguments>
<arg>valid</arg>
<arg>valid</arg>
<arg>invalid@r47cktocfox19vrdm5eemimoo8w8fo27j2sax6b9zfuvm5r7t86g1fkmouwj1sqowd2n9lkprb8c8gqdnzvn58lcwevd77pxlpjesybbzs8jtgiqxsu2arefq1hvueomnikn16erxprjksu6mqorv9pjb16t58l4dh0ua1gy2c5njbcamffqmx2dmk9hadfwk3av2aaidxn9zkoi68a1sou00sfbrr45ekos1q0p4v0dledcf0y5a8i7wku3.com</arg>
<arg>12345</arg>
<arg>valid</arg>
<arg>valid</arg>
<arg>valid address</arg>
<arg>Test city</arg>
<arg>Iowa</arg>
<arg>12345</arg>
<arg>United States</arg>
<arg>1234567890</arg>
<arg>test</arg>
<arg>error</arg>
</arguments>
<kw name="Enter Email" library="AuthenticationPage">
<arguments>
<arg>${email}</arg>
</arguments>
<msg timestamp="20200525 02:34:01.794" level="INFO">Typing text 'invalid@r47cktocfox19vrdm5eemimoo8w8fo27j2sax6b9zfuvm5r7t86g1fkmouwj1sqowd2n9lkprb8c8gqdnzvn58lcwevd77pxlpjesybbzs8jtgiqxsu2arefq1hvueomnikn16erxprjksu6mqorv9pjb16t58l4dh0ua1gy2c5njbcamffqmx2dmk9hadfwk3av2aaidxn9zkoi68a1sou00sfbrr45ekos1q0p4v0dledcf0y5a8i7wku3.com' into text field 'id:email_create'.</msg>
<status status="PASS" starttime="20200525 02:34:01.741" endtime="20200525 02:34:02.967"></status>
</kw>
<kw name="Click Create Account Button" library="AuthenticationPage">
<msg timestamp="20200525 02:34:02.967" level="INFO">Clicking element 'id:SubmitCreate'.</msg>
<status status="PASS" starttime="20200525 02:34:02.967" endtime="20200525 02:34:04.570"></status>
</kw>
<kw name="Enter Values In Required Fields" library="AuthenticationPage">
<arguments>
<arg>${customer_firstname}</arg>
<arg>${customer_lastname}</arg>
<arg>${email}</arg>
<arg>${password}</arg>
<arg>${firstname}</arg>
<arg>${lastname}</arg>
<arg>${address}</arg>
<arg>${city}</arg>
<arg>${state}</arg>
<arg>${zip}</arg>
<arg>${country}</arg>
<arg>${mobile}</arg>
<arg>${alias}</arg>
</arguments>
<msg timestamp="20200525 02:34:04.623" level="INFO">Typing text 'valid' into text field 'id:customer_firstname'.</msg>
<msg timestamp="20200525 02:34:04.777" level="INFO">Typing text 'valid' into text field 'id:customer_lastname'.</msg>
<msg timestamp="20200525 02:34:04.929" level="INFO">Typing text '12345' into text field 'id:passwd'.</msg>
<msg timestamp="20200525 02:34:05.086" level="INFO">Typing text 'valid' into text field 'id:firstname'.</msg>
<msg timestamp="20200525 02:34:05.323" level="INFO">Typing text 'valid' into text field 'id:lastname'.</msg>
<msg timestamp="20200525 02:34:05.467" level="INFO">Typing text 'valid address' into text field 'id:address1'.</msg>
<msg timestamp="20200525 02:34:05.674" level="INFO">Typing text 'Test city' into text field 'id:city'.</msg>
<msg timestamp="20200525 02:34:05.806" level="INFO">Selecting options from selection list 'id:id_state' by label Iowa.</msg>
<msg timestamp="20200525 02:34:05.951" level="INFO">Typing text '12345' into text field 'id:postcode'.</msg>
<msg timestamp="20200525 02:34:06.051" level="INFO">Selecting options from selection list 'id:id_country' by label United States.</msg>
<msg timestamp="20200525 02:34:06.150" level="INFO">Typing text '1234567890' into text field 'id:phone_mobile'.</msg>
<msg timestamp="20200525 02:34:06.341" level="INFO">Typing text 'test' into text field 'alias'.</msg>
<status status="PASS" starttime="20200525 02:34:04.570" endtime="20200525 02:34:06.426"></status>
</kw>
<kw name="Click Register Account Button" library="AuthenticationPage">
<msg timestamp="20200525 02:34:06.426" level="INFO">Clicking element 'id:submitAccount'.</msg>
<status status="PASS" starttime="20200525 02:34:06.426" endtime="20200525 02:34:07.695"></status>
</kw>
<kw name="Run Keyword If" library="BuiltIn">
<doc>Runs the given keyword with the given arguments, if ``condition`` is true.</doc>
<arguments>
<arg>'${error}'!='${EMPTY}'</arg>
<arg>Error is displayed on account creation form</arg>
<arg>ELSE</arg>
<arg>the current page should be</arg>
<arg>MyAccountPage</arg>
</arguments>
<kw name="Error Is Displayed On Account Creation Form" library="AuthenticationPage">
<status status="PASS" starttime="20200525 02:34:07.696" endtime="20200525 02:34:07.712"></status>
</kw>
<status status="PASS" starttime="20200525 02:34:07.695" endtime="20200525 02:34:07.712"></status>
</kw>
<status status="PASS" starttime="20200525 02:34:01.740" endtime="20200525 02:34:07.712"></status>
</kw>
<tags>
<tag>bug</tag>
<tag>fix_test</tag>
<tag>negative</tag>
</tags>
<status status="PASS" starttime="20200525 02:34:00.000" endtime="20200525 02:34:07.713" critical="yes"></status>
</test>
<test id="s1-s3-t10" name="Already registered email should be rejected">
<kw name="Go To Page" library="PageObjectLibrary" type="setup">
<tags>
<tag>page-object</tag>
<tag>selenium</tag>
</tags>
<doc>Go to the url for the given page object.</doc>
<arguments>
<arg>AuthenticationPage</arg>
</arguments>
<msg timestamp="20200525 02:34:07.726" level="INFO">Opening url 'http://automationpractice.com?controller=authentication&amp;back=my-account'</msg>
<status status="PASS" starttime="20200525 02:34:07.716" endtime="20200525 02:34:09.521"></status>
</kw>
<kw name="test field validation">
<arguments>
<arg>valid</arg>
<arg>valid</arg>
<arg>test@user.com</arg>
<arg>12345</arg>
<arg>valid</arg>
<arg>valid</arg>
<arg>valid address</arg>
<arg>Test city</arg>
<arg>Iowa</arg>
<arg>12345</arg>
<arg>United States</arg>
<arg>1234567890</arg>
<arg>test</arg>
<arg>error</arg>
</arguments>
<kw name="Enter Email" library="AuthenticationPage">
<arguments>
<arg>${email}</arg>
</arguments>
<msg timestamp="20200525 02:34:09.568" level="INFO">Typing text 'test@user.com' into text field 'id:email_create'.</msg>
<status status="PASS" starttime="20200525 02:34:09.522" endtime="20200525 02:34:09.702"></status>
</kw>
<kw name="Click Create Account Button" library="AuthenticationPage">
<msg timestamp="20200525 02:34:09.702" level="INFO">Clicking element 'id:SubmitCreate'.</msg>
<msg timestamp="20200525 02:34:14.965" level="FAIL">Element 'account-creation_form' did not appear in 5 seconds.</msg>
<status status="FAIL" starttime="20200525 02:34:09.702" endtime="20200525 02:34:14.965"></status>
</kw>
<status status="FAIL" starttime="20200525 02:34:09.521" endtime="20200525 02:34:14.965"></status>
</kw>
<tags>
<tag>bug</tag>
<tag>expected failure</tag>
<tag>fix_test</tag>
<tag>negative</tag>
</tags>
<status status="FAIL" starttime="20200525 02:34:07.714" endtime="20200525 02:34:14.965" critical="yes">Element 'account-creation_form' did not appear in 5 seconds.</status>
</test>
<test id="s1-s3-t11" name="Password with smaller than 5 characters should be rejected">
<kw name="Go To Page" library="PageObjectLibrary" type="setup">
<tags>
<tag>page-object</tag>
<tag>selenium</tag>
</tags>
<doc>Go to the url for the given page object.</doc>
<arguments>
<arg>AuthenticationPage</arg>
</arguments>
<msg timestamp="20200525 02:34:14.981" level="INFO">Opening url 'http://automationpractice.com?controller=authentication&amp;back=my-account'</msg>
<status status="PASS" starttime="20200525 02:34:14.965" endtime="20200525 02:34:16.816"></status>
</kw>
<kw name="test field validation">
<arguments>
<arg>valid</arg>
<arg>valid</arg>
<arg>valid2@testmail.com</arg>
<arg>1234</arg>
<arg>valid</arg>
<arg>valid</arg>
<arg>valid address</arg>
<arg>Test city</arg>
<arg>Iowa</arg>
<arg>12345</arg>
<arg>United States</arg>
<arg>1234567890</arg>
<arg>test</arg>
<arg>error</arg>
</arguments>
<kw name="Enter Email" library="AuthenticationPage">
<arguments>
<arg>${email}</arg>
</arguments>
<msg timestamp="20200525 02:34:16.862" level="INFO">Typing text 'valid2@testmail.com' into text field 'id:email_create'.</msg>
<status status="PASS" starttime="20200525 02:34:16.818" endtime="20200525 02:34:17.018"></status>
</kw>
<kw name="Click Create Account Button" library="AuthenticationPage">
<msg timestamp="20200525 02:34:17.018" level="INFO">Clicking element 'id:SubmitCreate'.</msg>
<status status="PASS" starttime="20200525 02:34:17.018" endtime="20200525 02:34:18.560"></status>
</kw>
<kw name="Enter Values In Required Fields" library="AuthenticationPage">
<arguments>
<arg>${customer_firstname}</arg>
<arg>${customer_lastname}</arg>
<arg>${email}</arg>
<arg>${password}</arg>
<arg>${firstname}</arg>
<arg>${lastname}</arg>
<arg>${address}</arg>
<arg>${city}</arg>
<arg>${state}</arg>
<arg>${zip}</arg>
<arg>${country}</arg>
<arg>${mobile}</arg>
<arg>${alias}</arg>
</arguments>
<msg timestamp="20200525 02:34:18.604" level="INFO">Typing text 'valid' into text field 'id:customer_firstname'.</msg>
<msg timestamp="20200525 02:34:18.835" level="INFO">Typing text 'valid' into text field 'id:customer_lastname'.</msg>
<msg timestamp="20200525 02:34:19.019" level="INFO">Typing text '1234' into text field 'id:passwd'.</msg>
<msg timestamp="20200525 02:34:19.245" level="INFO">Typing text 'valid' into text field 'id:firstname'.</msg>
<msg timestamp="20200525 02:34:19.396" level="INFO">Typing text 'valid' into text field 'id:lastname'.</msg>
<msg timestamp="20200525 02:34:19.550" level="INFO">Typing text 'valid address' into text field 'id:address1'.</msg>
<msg timestamp="20200525 02:34:19.732" level="INFO">Typing text 'Test city' into text field 'id:city'.</msg>
<msg timestamp="20200525 02:34:19.848" level="INFO">Selecting options from selection list 'id:id_state' by label Iowa.</msg>
<msg timestamp="20200525 02:34:19.989" level="INFO">Typing text '12345' into text field 'id:postcode'.</msg>
<msg timestamp="20200525 02:34:20.092" level="INFO">Selecting options from selection list 'id:id_country' by label United States.</msg>
<msg timestamp="20200525 02:34:20.182" level="INFO">Typing text '1234567890' into text field 'id:phone_mobile'.</msg>
<msg timestamp="20200525 02:34:20.366" level="INFO">Typing text 'test' into text field 'alias'.</msg>
<status status="PASS" starttime="20200525 02:34:18.560" endtime="20200525 02:34:20.447"></status>
</kw>
<kw name="Click Register Account Button" library="AuthenticationPage">
<msg timestamp="20200525 02:34:20.447" level="INFO">Clicking element 'id:submitAccount'.</msg>
<status status="PASS" starttime="20200525 02:34:20.447" endtime="20200525 02:34:21.937"></status>
</kw>
<kw name="Run Keyword If" library="BuiltIn">
<doc>Runs the given keyword with the given arguments, if ``condition`` is true.</doc>
<arguments>
<arg>'${error}'!='${EMPTY}'</arg>
<arg>Error is displayed on account creation form</arg>
<arg>ELSE</arg>
<arg>the current page should be</arg>
<arg>MyAccountPage</arg>
</arguments>
<kw name="Error Is Displayed On Account Creation Form" library="AuthenticationPage">
<status status="PASS" starttime="20200525 02:34:21.938" endtime="20200525 02:34:21.953"></status>
</kw>
<status status="PASS" starttime="20200525 02:34:21.937" endtime="20200525 02:34:21.953"></status>
</kw>
<status status="PASS" starttime="20200525 02:34:16.817" endtime="20200525 02:34:21.953"></status>
</kw>
<tags>
<tag>negative</tag>
</tags>
<status status="PASS" starttime="20200525 02:34:14.965" endtime="20200525 02:34:21.954" critical="yes"></status>
</test>
<test id="s1-s3-t12" name="Empty firstname in address should be rejected">
<kw name="Go To Page" library="PageObjectLibrary" type="setup">
<tags>
<tag>page-object</tag>
<tag>selenium</tag>
</tags>
<doc>Go to the url for the given page object.</doc>
<arguments>
<arg>AuthenticationPage</arg>
</arguments>
<msg timestamp="20200525 02:34:21.969" level="INFO">Opening url 'http://automationpractice.com?controller=authentication&amp;back=my-account'</msg>
<status status="PASS" starttime="20200525 02:34:21.956" endtime="20200525 02:34:23.465"></status>
</kw>
<kw name="test field validation">
<arguments>
<arg>valid</arg>
<arg>valid</arg>
<arg>valid2@testmail.com</arg>
<arg>12345</arg>
<arg>valid</arg>
<arg>valid address</arg>
<arg>Test city</arg>
<arg>Iowa</arg>
<arg>12345</arg>
<arg>United States</arg>
<arg>1234567890</arg>
<arg>test</arg>
<arg>error</arg>
</arguments>
<kw name="Enter Email" library="AuthenticationPage">
<arguments>
<arg>${email}</arg>
</arguments>
<msg timestamp="20200525 02:34:23.507" level="INFO">Typing text 'valid2@testmail.com' into text field 'id:email_create'.</msg>
<status status="PASS" starttime="20200525 02:34:23.466" endtime="20200525 02:34:23.659"></status>
</kw>
<kw name="Click Create Account Button" library="AuthenticationPage">
<msg timestamp="20200525 02:34:23.659" level="INFO">Clicking element 'id:SubmitCreate'.</msg>
<status status="PASS" starttime="20200525 02:34:23.659" endtime="20200525 02:34:25.403"></status>
</kw>
<kw name="Enter Values In Required Fields" library="AuthenticationPage">
<arguments>
<arg>${customer_firstname}</arg>
<arg>${customer_lastname}</arg>
<arg>${email}</arg>
<arg>${password}</arg>
<arg>${firstname}</arg>
<arg>${lastname}</arg>
<arg>${address}</arg>
<arg>${city}</arg>
<arg>${state}</arg>
<arg>${zip}</arg>
<arg>${country}</arg>
<arg>${mobile}</arg>
<arg>${alias}</arg>
</arguments>
<msg timestamp="20200525 02:34:25.526" level="INFO">Typing text 'valid' into text field 'id:customer_firstname'.</msg>
<msg timestamp="20200525 02:34:25.707" level="INFO">Typing text 'valid' into text field 'id:customer_lastname'.</msg>
<msg timestamp="20200525 02:34:25.849" level="INFO">Typing text '12345' into text field 'id:passwd'.</msg>
<msg timestamp="20200525 02:34:26.117" level="INFO">Typing text '' into text field 'id:firstname'.</msg>
<msg timestamp="20200525 02:34:26.260" level="INFO">Typing text 'valid' into text field 'id:lastname'.</msg>
<msg timestamp="20200525 02:34:26.421" level="INFO">Typing text 'valid address' into text field 'id:address1'.</msg>
<msg timestamp="20200525 02:34:26.619" level="INFO">Typing text 'Test city' into text field 'id:city'.</msg>
<msg timestamp="20200525 02:34:26.748" level="INFO">Selecting options from selection list 'id:id_state' by label Iowa.</msg>
<msg timestamp="20200525 02:34:26.879" level="INFO">Typing text '12345' into text field 'id:postcode'.</msg>
<msg timestamp="20200525 02:34:26.980" level="INFO">Selecting options from selection list 'id:id_country' by label United States.</msg>
<msg timestamp="20200525 02:34:27.071" level="INFO">Typing text '1234567890' into text field 'id:phone_mobile'.</msg>
<msg timestamp="20200525 02:34:27.258" level="INFO">Typing text 'test' into text field 'alias'.</msg>
<status status="PASS" starttime="20200525 02:34:25.403" endtime="20200525 02:34:27.354"></status>
</kw>
<kw name="Click Register Account Button" library="AuthenticationPage">
<msg timestamp="20200525 02:34:27.355" level="INFO">Clicking element 'id:submitAccount'.</msg>
<status status="PASS" starttime="20200525 02:34:27.354" endtime="20200525 02:34:28.827"></status>
</kw>
<kw name="Run Keyword If" library="BuiltIn">
<doc>Runs the given keyword with the given arguments, if ``condition`` is true.</doc>
<arguments>
<arg>'${error}'!='${EMPTY}'</arg>
<arg>Error is displayed on account creation form</arg>
<arg>ELSE</arg>
<arg>the current page should be</arg>
<arg>MyAccountPage</arg>
</arguments>
<kw name="Error Is Displayed On Account Creation Form" library="AuthenticationPage">
<status status="PASS" starttime="20200525 02:34:28.828" endtime="20200525 02:34:28.838"></status>
</kw>
<status status="PASS" starttime="20200525 02:34:28.828" endtime="20200525 02:34:28.838"></status>
</kw>
<status status="PASS" starttime="20200525 02:34:23.465" endtime="20200525 02:34:28.838"></status>
</kw>
<tags>
<tag>negative</tag>
</tags>
<status status="PASS" starttime="20200525 02:34:21.956" endtime="20200525 02:34:28.839" critical="yes"></status>
</test>
<test id="s1-s3-t13" name="Invalid firstname (with numeric) in address should be rejected">
<kw name="Go To Page" library="PageObjectLibrary" type="setup">
<tags>
<tag>page-object</tag>
<tag>selenium</tag>
</tags>
<doc>Go to the url for the given page object.</doc>
<arguments>
<arg>AuthenticationPage</arg>
</arguments>
<msg timestamp="20200525 02:34:28.854" level="INFO">Opening url 'http://automationpractice.com?controller=authentication&amp;back=my-account'</msg>
<status status="PASS" starttime="20200525 02:34:28.841" endtime="20200525 02:34:30.449"></status>
</kw>
<kw name="test field validation">
<arguments>
<arg>valid</arg>
<arg>valid</arg>
<arg>valid2@testmail.com</arg>
<arg>12345</arg>
<arg>valid123</arg>
<arg>valid</arg>
<arg>valid address</arg>
<arg>Test city</arg>
<arg>Iowa</arg>
<arg>12345</arg>
<arg>United States</arg>
<arg>1234567890</arg>
<arg>test</arg>
<arg>error</arg>
</arguments>
<kw name="Enter Email" library="AuthenticationPage">
<arguments>
<arg>${email}</arg>
</arguments>
<msg timestamp="20200525 02:34:30.491" level="INFO">Typing text 'valid2@testmail.com' into text field 'id:email_create'.</msg>
<status status="PASS" starttime="20200525 02:34:30.450" endtime="20200525 02:34:30.644"></status>
</kw>
<kw name="Click Create Account Button" library="AuthenticationPage">
<msg timestamp="20200525 02:34:30.644" level="INFO">Clicking element 'id:SubmitCreate'.</msg>
<status status="PASS" starttime="20200525 02:34:30.644" endtime="20200525 02:34:32.407"></status>
</kw>
<kw name="Enter Values In Required Fields" library="AuthenticationPage">
<arguments>
<arg>${customer_firstname}</arg>
<arg>${customer_lastname}</arg>
<arg>${email}</arg>
<arg>${password}</arg>
<arg>${firstname}</arg>
<arg>${lastname}</arg>
<arg>${address}</arg>
<arg>${city}</arg>
<arg>${state}</arg>
<arg>${zip}</arg>
<arg>${country}</arg>
<arg>${mobile}</arg>
<arg>${alias}</arg>
</arguments>
<msg timestamp="20200525 02:34:32.554" level="INFO">Typing text 'valid' into text field 'id:customer_firstname'.</msg>
<msg timestamp="20200525 02:34:32.700" level="INFO">Typing text 'valid' into text field 'id:customer_lastname'.</msg>
<msg timestamp="20200525 02:34:32.846" level="INFO">Typing text '12345' into text field 'id:passwd'.</msg>
<msg timestamp="20200525 02:34:33.064" level="INFO">Typing text 'valid123' into text field 'id:firstname'.</msg>
<msg timestamp="20200525 02:34:33.237" level="INFO">Typing text 'valid' into text field 'id:lastname'.</msg>
<msg timestamp="20200525 02:34:33.375" level="INFO">Typing text 'valid address' into text field 'id:address1'.</msg>
<msg timestamp="20200525 02:34:33.578" level="INFO">Typing text 'Test city' into text field 'id:city'.</msg>
<msg timestamp="20200525 02:34:33.705" level="INFO">Selecting options from selection list 'id:id_state' by label Iowa.</msg>
<msg timestamp="20200525 02:34:33.834" level="INFO">Typing text '12345' into text field 'id:postcode'.</msg>
<msg timestamp="20200525 02:34:33.939" level="INFO">Selecting options from selection list 'id:id_country' by label United States.</msg>
<msg timestamp="20200525 02:34:34.031" level="INFO">Typing text '1234567890' into text field 'id:phone_mobile'.</msg>
<msg timestamp="20200525 02:34:34.227" level="INFO">Typing text 'test' into text field 'alias'.</msg>
<status status="PASS" starttime="20200525 02:34:32.407" endtime="20200525 02:34:34.320"></status>
</kw>
<kw name="Click Register Account Button" library="AuthenticationPage">
<msg timestamp="20200525 02:34:34.320" level="INFO">Clicking element 'id:submitAccount'.</msg>
[...]
<arg>${customer_lastname}</arg>
<arg>${email}</arg>
<arg>${password}</arg>
<arg>${firstname}</arg>
<arg>${lastname}</arg>
<arg>${address}</arg>
<arg>${city}</arg>
<arg>${state}</arg>
<arg>${zip}</arg>
<arg>${country}</arg>
<arg>${mobile}</arg>
<arg>${alias}</arg>
</arguments>
<msg timestamp="20200525 02:36:17.516" level="INFO">Typing text 'valid' into text field 'id:customer_firstname'.</msg>
<msg timestamp="20200525 02:36:17.664" level="INFO">Typing text 'valid' into text field 'id:customer_lastname'.</msg>
<msg timestamp="20200525 02:36:17.813" level="INFO">Typing text '12345' into text field 'id:passwd'.</msg>
<msg timestamp="20200525 02:36:18.061" level="INFO">Typing text 'valid' into text field 'id:firstname'.</msg>
<msg timestamp="20200525 02:36:18.216" level="INFO">Typing text 'valid' into text field 'id:lastname'.</msg>
<msg timestamp="20200525 02:36:18.355" level="INFO">Typing text 'valid address' into text field 'id:address1'.</msg>
<msg timestamp="20200525 02:36:18.566" level="INFO">Typing text 'Test city' into text field 'id:city'.</msg>
<msg timestamp="20200525 02:36:18.683" level="INFO">Selecting options from selection list 'id:id_state' by label Iowa.</msg>
<msg timestamp="20200525 02:36:18.812" level="INFO">Typing text '1.2.3' into text field 'id:postcode'.</msg>
<msg timestamp="20200525 02:36:18.913" level="INFO">Selecting options from selection list 'id:id_country' by label United States.</msg>
<msg timestamp="20200525 02:36:18.999" level="INFO">Typing text '!@#$%^&amp;*()' into text field 'id:phone_mobile'.</msg>
<msg timestamp="20200525 02:36:19.196" level="INFO">Typing text 'test' into text field 'alias'.</msg>
<status status="PASS" starttime="20200525 02:36:17.475" endtime="20200525 02:36:19.278"></status>
</kw>
<kw name="Click Register Account Button" library="AuthenticationPage">
<msg timestamp="20200525 02:36:19.279" level="INFO">Clicking element 'id:submitAccount'.</msg>
<status status="PASS" starttime="20200525 02:36:19.279" endtime="20200525 02:36:20.510"></status>
</kw>
<kw name="Run Keyword If" library="BuiltIn">
<doc>Runs the given keyword with the given arguments, if ``condition`` is true.</doc>
<arguments>
<arg>'${error}'!='${EMPTY}'</arg>
<arg>Error is displayed on account creation form</arg>
<arg>ELSE</arg>
<arg>the current page should be</arg>
<arg>MyAccountPage</arg>
</arguments>
<kw name="Error Is Displayed On Account Creation Form" library="AuthenticationPage">
<status status="PASS" starttime="20200525 02:36:20.511" endtime="20200525 02:36:20.521"></status>
</kw>
<status status="PASS" starttime="20200525 02:36:20.510" endtime="20200525 02:36:20.521"></status>
</kw>
<status status="PASS" starttime="20200525 02:36:15.533" endtime="20200525 02:36:20.521"></status>
</kw>
<tags>
<tag>bug</tag>
<tag>negative</tag>
</tags>
<status status="PASS" starttime="20200525 02:36:12.908" endtime="20200525 02:36:20.521" critical="yes"></status>
</test>
<test id="s1-s3-t28" name="Empty alias should be rejected">
<kw name="Go To Page" library="PageObjectLibrary" type="setup">
<tags>
<tag>page-object</tag>
<tag>selenium</tag>
</tags>
<doc>Go to the url for the given page object.</doc>
<arguments>
<arg>AuthenticationPage</arg>
</arguments>
<msg timestamp="20200525 02:36:20.536" level="INFO">Opening url 'http://automationpractice.com?controller=authentication&amp;back=my-account'</msg>
<status status="PASS" starttime="20200525 02:36:20.524" endtime="20200525 02:36:22.598"></status>
</kw>
<kw name="test field validation">
<arguments>
<arg>valid</arg>
<arg>valid</arg>
<arg>valid2@testmail.com</arg>
<arg>12345</arg>
<arg>valid</arg>
<arg>valid</arg>
<arg>valid address</arg>
<arg>Test city</arg>
<arg>Iowa</arg>
<arg>1.2.3</arg>
<arg>United States</arg>
<arg>1234567890</arg>
<arg>error</arg>
</arguments>
<kw name="Enter Email" library="AuthenticationPage">
<arguments>
<arg>${email}</arg>
</arguments>
<msg timestamp="20200525 02:36:22.640" level="INFO">Typing text 'valid2@testmail.com' into text field 'id:email_create'.</msg>
<status status="PASS" starttime="20200525 02:36:22.600" endtime="20200525 02:36:22.802"></status>
</kw>
<kw name="Click Create Account Button" library="AuthenticationPage">
<msg timestamp="20200525 02:36:22.802" level="INFO">Clicking element 'id:SubmitCreate'.</msg>
<status status="PASS" starttime="20200525 02:36:22.802" endtime="20200525 02:36:24.323"></status>
</kw>
<kw name="Enter Values In Required Fields" library="AuthenticationPage">
<arguments>
<arg>${customer_firstname}</arg>
<arg>${customer_lastname}</arg>
<arg>${email}</arg>
<arg>${password}</arg>
<arg>${firstname}</arg>
<arg>${lastname}</arg>
<arg>${address}</arg>
<arg>${city}</arg>
<arg>${state}</arg>
<arg>${zip}</arg>
<arg>${country}</arg>
<arg>${mobile}</arg>
<arg>${alias}</arg>
</arguments>
<msg timestamp="20200525 02:36:24.373" level="INFO">Typing text 'valid' into text field 'id:customer_firstname'.</msg>
<msg timestamp="20200525 02:36:24.522" level="INFO">Typing text 'valid' into text field 'id:customer_lastname'.</msg>
<msg timestamp="20200525 02:36:24.719" level="INFO">Typing text '12345' into text field 'id:passwd'.</msg>
<msg timestamp="20200525 02:36:24.947" level="INFO">Typing text 'valid' into text field 'id:firstname'.</msg>
<msg timestamp="20200525 02:36:25.137" level="INFO">Typing text 'valid' into text field 'id:lastname'.</msg>
<msg timestamp="20200525 02:36:25.288" level="INFO">Typing text 'valid address' into text field 'id:address1'.</msg>
<msg timestamp="20200525 02:36:25.481" level="INFO">Typing text 'Test city' into text field 'id:city'.</msg>
<msg timestamp="20200525 02:36:25.603" level="INFO">Selecting options from selection list 'id:id_state' by label Iowa.</msg>
<msg timestamp="20200525 02:36:25.731" level="INFO">Typing text '1.2.3' into text field 'id:postcode'.</msg>
<msg timestamp="20200525 02:36:25.836" level="INFO">Selecting options from selection list 'id:id_country' by label United States.</msg>
<msg timestamp="20200525 02:36:25.920" level="INFO">Typing text '1234567890' into text field 'id:phone_mobile'.</msg>
<msg timestamp="20200525 02:36:26.117" level="INFO">Typing text '' into text field 'alias'.</msg>
<status status="PASS" starttime="20200525 02:36:24.323" endtime="20200525 02:36:26.189"></status>
</kw>
<kw name="Click Register Account Button" library="AuthenticationPage">
<msg timestamp="20200525 02:36:26.189" level="INFO">Clicking element 'id:submitAccount'.</msg>
<status status="PASS" starttime="20200525 02:36:26.189" endtime="20200525 02:36:27.497"></status>
</kw>
<kw name="Run Keyword If" library="BuiltIn">
<doc>Runs the given keyword with the given arguments, if ``condition`` is true.</doc>
<arguments>
<arg>'${error}'!='${EMPTY}'</arg>
<arg>Error is displayed on account creation form</arg>
<arg>ELSE</arg>
<arg>the current page should be</arg>
<arg>MyAccountPage</arg>
</arguments>
<kw name="Error Is Displayed On Account Creation Form" library="AuthenticationPage">
<status status="PASS" starttime="20200525 02:36:27.498" endtime="20200525 02:36:27.506"></status>
</kw>
<status status="PASS" starttime="20200525 02:36:27.497" endtime="20200525 02:36:27.507"></status>
</kw>
<status status="PASS" starttime="20200525 02:36:22.599" endtime="20200525 02:36:27.507"></status>
</kw>
<tags>
<tag>bug</tag>
<tag>negative</tag>
</tags>
<status status="PASS" starttime="20200525 02:36:20.523" endtime="20200525 02:36:27.507" critical="yes"></status>
</test>
<kw name="Close All Browsers" library="SeleniumLibrary" type="teardown">
<doc>Closes all open browsers and resets the browser cache.</doc>
<status status="PASS" starttime="20200525 02:36:27.511" endtime="20200525 02:36:30.045"></status>
</kw>
<status status="FAIL" starttime="20200525 02:32:54.041" endtime="20200525 02:36:30.045"></status>
</suite>
<suite id="s1-s4" name="Workflow Tests" source="C:\Users\vishal02jan\PycharmProjects\CentimeRobotFramework\tests\workflow_tests.robot">
<kw name="Open Browser" library="SeleniumLibrary" type="setup">
<doc>Opens a new browser instance to the optional ``url``.</doc>
<arguments>
<arg>${ROOT}</arg>
<arg>${BROWSER}</arg>
</arguments>
<msg timestamp="20200525 02:36:30.061" level="INFO">Opening browser 'Chrome' to base url 'http://automationpractice.com/index.php'.</msg>
<status status="PASS" starttime="20200525 02:36:30.061" endtime="20200525 02:36:37.859"></status>
</kw>
<test id="s1-s4-t1" name="Registration with valid data for required fields only">
<kw name="Go To Page" library="PageObjectLibrary" type="setup">
<tags>
<tag>page-object</tag>
<tag>selenium</tag>
</tags>
<doc>Go to the url for the given page object.</doc>
<arguments>
<arg>AuthenticationPage</arg>
</arguments>
<msg timestamp="20200525 02:36:37.882" level="INFO">Opening url 'http://automationpractice.com?controller=authentication&amp;back=my-account'</msg>
<status status="PASS" starttime="20200525 02:36:37.860" endtime="20200525 02:36:39.744"></status>
</kw>
<kw name="Enter Email" library="AuthenticationPage">
<arguments>
<arg>valid9@egsdfghiil.com</arg>
</arguments>
<msg timestamp="20200525 02:36:39.785" level="INFO">Typing text 'valid9@egsdfghiil.com' into text field 'id:email_create'.</msg>
<status status="PASS" starttime="20200525 02:36:39.745" endtime="20200525 02:36:40.014"></status>
</kw>
<kw name="Log" library="BuiltIn">
<doc>Logs the given message with the given level.</doc>
<arguments>
<arg>There is no mechanism available to delete account, hence a new email is needed for every run</arg>
<arg>WARN</arg>
</arguments>
<msg timestamp="20200525 02:36:40.014" level="WARN">There is no mechanism available to delete account, hence a new email is needed for every run</msg>
<status status="PASS" starttime="20200525 02:36:40.014" endtime="20200525 02:36:40.015"></status>
</kw>
<kw name="Click Create Account Button" library="AuthenticationPage">
<msg timestamp="20200525 02:36:40.016" level="INFO">Clicking element 'id:SubmitCreate'.</msg>
<status status="PASS" starttime="20200525 02:36:40.015" endtime="20200525 02:36:41.602"></status>
</kw>
<kw name="Enter Valid Values In Required Fields" library="AuthenticationPage">
<msg timestamp="20200525 02:36:41.664" level="INFO">Typing text 'Test' into text field 'id:customer_firstname'.</msg>
<msg timestamp="20200525 02:36:41.867" level="INFO">Typing text 'User' into text field 'id:customer_lastname'.</msg>
<msg timestamp="20200525 02:36:42.187" level="INFO">Typing text '12345' into text field 'id:passwd'.</msg>
<msg timestamp="20200525 02:36:42.408" level="INFO">Typing text 'Test' into text field 'id:firstname'.</msg>
<msg timestamp="20200525 02:36:42.607" level="INFO">Typing text 'User' into text field 'id:lastname'.</msg>
<msg timestamp="20200525 02:36:42.786" level="INFO">Typing text 'fake street' into text field 'id:address1'.</msg>
<msg timestamp="20200525 02:36:43.024" level="INFO">Typing text 'face city' into text field 'id:city'.</msg>
<msg timestamp="20200525 02:36:43.174" level="INFO">Selecting options from selection list 'id:id_state' by label Wisconsin.</msg>
<msg timestamp="20200525 02:36:43.343" level="INFO">Typing text '12345' into text field 'id:postcode'.</msg>
<msg timestamp="20200525 02:36:43.473" level="INFO">Selecting options from selection list 'id:id_country' by label United States.</msg>
<msg timestamp="20200525 02:36:43.593" level="INFO">Typing text '1234567890' into text field 'id:phone_mobile'.</msg>
<msg timestamp="20200525 02:36:43.829" level="INFO">Typing text 'test' into text field 'alias'.</msg>
<status status="PASS" starttime="20200525 02:36:41.603" endtime="20200525 02:36:43.945"></status>
</kw>
<kw name="Click Register Account Button" library="AuthenticationPage">
<msg timestamp="20200525 02:36:43.946" level="INFO">Clicking element 'id:submitAccount'.</msg>
<status status="PASS" starttime="20200525 02:36:43.945" endtime="20200525 02:36:45.548"></status>
</kw>
<kw name="The Current Page Should Be" library="PageObjectLibrary">
<doc>Fails if the name of the current page is not the given page name</doc>
<arguments>
<arg>MyAccountPage</arg>
</arguments>
<status status="PASS" starttime="20200525 02:36:45.549" endtime="20200525 02:36:45.558"></status>
</kw>
<kw name="Sign Out" library="MyAccountPage" type="teardown">
<msg timestamp="20200525 02:36:45.559" level="INFO">Clicking element 'link:Sign out'.</msg>
<status status="PASS" starttime="20200525 02:36:45.559" endtime="20200525 02:36:49.561"></status>
</kw>
<doc>This test validates the registration workflow happy path by populating only the required fields in account creation form.</doc>
<tags>
<tag>happy path</tag>
<tag>positive</tag>
<tag>smoke</tag>
</tags>
<status status="PASS" starttime="20200525 02:36:37.859" endtime="20200525 02:36:49.562" critical="yes"></status>
</test>
<test id="s1-s4-t2" name="Registration with valid data for all fields">
<kw name="Go To Page" library="PageObjectLibrary" type="setup">
<tags>
<tag>page-object</tag>
<tag>selenium</tag>
</tags>
<doc>Go to the url for the given page object.</doc>
<arguments>
<arg>AuthenticationPage</arg>
</arguments>
<msg timestamp="20200525 02:36:49.584" level="INFO">Opening url 'http://automationpractice.com?controller=authentication&amp;back=my-account'</msg>
<status status="PASS" starttime="20200525 02:36:49.572" endtime="20200525 02:36:52.415"></status>
</kw>
<kw name="Enter Email" library="AuthenticationPage">
<arguments>
<arg>valid9@eaasdfbil.com</arg>
</arguments>
<msg timestamp="20200525 02:36:52.462" level="INFO">Typing text 'valid9@eaasdfbil.com' into text field 'id:email_create'.</msg>
<status status="PASS" starttime="20200525 02:36:52.415" endtime="20200525 02:36:52.641"></status>
</kw>
<kw name="Log" library="BuiltIn">
<doc>Logs the given message with the given level.</doc>
<arguments>
<arg>There is no mechanism available to delete account, hence a new email is needed for every run</arg>
<arg>WARN</arg>
</arguments>
<msg timestamp="20200525 02:36:52.642" level="WARN">There is no mechanism available to delete account, hence a new email is needed for every run</msg>
<status status="PASS" starttime="20200525 02:36:52.642" endtime="20200525 02:36:52.643"></status>
</kw>
<kw name="Click Create Account Button" library="AuthenticationPage">
<msg timestamp="20200525 02:36:52.643" level="INFO">Clicking element 'id:SubmitCreate'.</msg>
<status status="PASS" starttime="20200525 02:36:52.643" endtime="20200525 02:36:54.800"></status>
</kw>
<kw name="Enter Valid Values In All Fields" library="AuthenticationPage">
<msg timestamp="20200525 02:36:54.856" level="INFO">Typing text 'Test' into text field 'id:customer_firstname'.</msg>
<msg timestamp="20200525 02:36:55.019" level="INFO">Typing text 'User' into text field 'id:customer_lastname'.</msg>
<msg timestamp="20200525 02:36:55.187" level="INFO">Typing text '12345' into text field 'id:passwd'.</msg>
<msg timestamp="20200525 02:36:55.453" level="INFO">Typing text 'Test' into text field 'id:firstname'.</msg>
<msg timestamp="20200525 02:36:55.622" level="INFO">Typing text 'User' into text field 'id:lastname'.</msg>
<msg timestamp="20200525 02:36:55.784" level="INFO">Typing text 'fake street' into text field 'id:address1'.</msg>
<msg timestamp="20200525 02:36:56.041" level="INFO">Typing text 'face city' into text field 'id:city'.</msg>
<msg timestamp="20200525 02:36:56.173" level="INFO">Selecting options from selection list 'id:id_state' by label Wisconsin.</msg>
<msg timestamp="20200525 02:36:56.321" level="INFO">Typing text '12345' into text field 'id:postcode'.</msg>
<msg timestamp="20200525 02:36:56.433" level="INFO">Selecting options from selection list 'id:id_country' by label United States.</msg>
<msg timestamp="20200525 02:36:56.540" level="INFO">Typing text '1234567890' into text field 'id:phone_mobile'.</msg>
<msg timestamp="20200525 02:36:56.754" level="INFO">Typing text 'test' into text field 'alias'.</msg>
<msg timestamp="20200525 02:36:56.859" level="INFO">Clicking element 'id:id_gender1'.</msg>
<msg timestamp="20200525 02:36:56.953" level="INFO">Selecting options from selection list 'id:days' by value 20.</msg>
<msg timestamp="20200525 02:36:57.046" level="INFO">Selecting options from selection list 'id:months' by value 6.</msg>
<msg timestamp="20200525 02:36:57.132" level="INFO">Selecting options from selection list 'id:years' by value 1983.</msg>
<msg timestamp="20200525 02:36:57.213" level="INFO">Selecting checkbox 'id:newsletter'.</msg>
<msg timestamp="20200525 02:36:57.310" level="INFO">Selecting checkbox 'id:optin'.</msg>
<msg timestamp="20200525 02:36:57.439" level="INFO">Typing text 'Centime' into text field 'id:company'.</msg>
<msg timestamp="20200525 02:36:57.582" level="INFO">Typing text 'HP SaaS' into text field 'id:company'.</msg>
<msg timestamp="20200525 02:36:57.734" level="INFO">Typing text 'This is Centime assignment' into text field 'id:other'.</msg>
<msg timestamp="20200525 02:36:57.961" level="INFO">Typing text '0987654321' into text field 'id:phone'.</msg>
<status status="PASS" starttime="20200525 02:36:54.800" endtime="20200525 02:36:58.099"></status>
</kw>
<kw name="Click Register Account Button" library="AuthenticationPage">
<msg timestamp="20200525 02:36:58.100" level="INFO">Clicking element 'id:submitAccount'.</msg>
<status status="PASS" starttime="20200525 02:36:58.099" endtime="20200525 02:36:59.910"></status>
</kw>
<kw name="The Current Page Should Be" library="PageObjectLibrary">
<doc>Fails if the name of the current page is not the given page name</doc>
<arguments>
<arg>MyAccountPage</arg>
</arguments>
<status status="PASS" starttime="20200525 02:36:59.937" endtime="20200525 02:36:59.957"></status>
</kw>
<kw name="Sign Out" library="MyAccountPage" type="teardown">
<msg timestamp="20200525 02:36:59.966" level="INFO">Clicking element 'link:Sign out'.</msg>
<status status="PASS" starttime="20200525 02:36:59.966" endtime="20200525 02:37:01.770"></status>
</kw>
<doc>This test validates the registration workflow happy path with populating all the fields in account creation form.</doc>
<tags>
<tag>all fields</tag>
<tag>happy path</tag>
<tag>positive</tag>
<tag>smoke</tag>
</tags>
<status status="PASS" starttime="20200525 02:36:49.571" endtime="20200525 02:37:01.771" critical="yes"></status>
</test>
<kw name="Close All Browsers" library="SeleniumLibrary" type="teardown">
<doc>Closes all open browsers and resets the browser cache.</doc>
<status status="PASS" starttime="20200525 02:37:01.773" endtime="20200525 02:37:04.003"></status>
</kw>
<status status="PASS" starttime="20200525 02:36:30.045" endtime="20200525 02:37:04.003"></status>
</suite>
<status status="FAIL" starttime="20200525 02:31:45.758" endtime="20200525 02:37:04.003"></status>
</suite>
<statistics>
<total>
<stat pass="35" fail="5">Critical Tests</stat>
<stat pass="35" fail="5">All Tests</stat>
</total>
<tag>
<stat pass="5" fail="0">acceptance test</stat>
<stat pass="1" fail="0">all fields</stat>
<stat pass="6" fail="4">bug</stat>
<stat pass="0" fail="5">expected failure</stat>
<stat pass="1" fail="2">fix_test</stat>
<stat pass="5" fail="0">gherkin</stat>
<stat pass="3" fail="0">happy path</stat>
<stat pass="32" fail="5">negative</stat>
<stat pass="3" fail="0">positive</stat>
<stat pass="2" fail="0">smoke</stat>
</tag>
<suite>
<stat pass="35" fail="5" id="s1" name="Tests">Tests</stat>
<stat pass="5" fail="0" id="s1-s1" name="Acceptance Tests">Tests.Acceptance Tests</stat>
<stat pass="3" fail="2" id="s1-s2" name="Signup Form Fields">Tests.Signup Form Fields</stat>
<stat pass="25" fail="3" id="s1-s3" name="Test Creation Form Fields">Tests.Test Creation Form Fields</stat>
<stat pass="2" fail="0" id="s1-s4" name="Workflow Tests">Tests.Workflow Tests</stat>
</suite>
</statistics>
<errors>
<msg timestamp="20200525 02:36:40.014" level="WARN">There is no mechanism available to delete account, hence a new email is needed for every run</msg>
<msg timestamp="20200525 02:36:52.642" level="WARN">There is no mechanism available to delete account, hence a new email is needed for every run</msg>
</errors>
</robot>
